2024-05-13 07:57:29- [I] 6639d12552b13678b74825f3Estp es el id 
2024-05-13 07:57:29- [I] usuario encontrado 
2024-05-13 07:57:29- [I] El id es 6639d12552b13678b74825f3 los datos son 6639d12552b13678b74825f3 
2024-05-13 07:57:29- [I] Definicion: ARANCHA 
2024-05-13 07:57:29- [I] {
  _id: new ObjectId('6639d12552b13678b74825f3'),
  name: 'ARANCHA',
  password: '1234',
  email: 'ARANCHA@MAIL.COM',
  online: false,
  __v: 0
} 
2024-05-13 07:57:54- [I] 6639d12552b13678b74825f3Estp es el id 
2024-05-13 07:57:54- [I] usuario encontrado 
2024-05-13 07:57:54- [I] El id es 6639d12552b13678b74825f3 los datos son 6639d12552b13678b74825f3 
2024-05-13 07:57:54- [I] Definicion: ARANCHA 
2024-05-13 07:57:54- [I] {
  _id: new ObjectId('6639d12552b13678b74825f3'),
  name: 'ARANCHA',
  password: '1234',
  email: 'ARANCHA@MAIL.COM',
  online: false,
  __v: 0
} 
2024-05-13 07:58:03- [I] 6639d12552b13678b74825f3Estp es el id 
2024-05-13 07:58:03- [I] usuario encontrado 
2024-05-13 07:58:03- [I] El id es 6639d12552b13678b74825f3 los datos son 6639d12552b13678b74825f3 
2024-05-13 07:58:03- [I] Definicion: ARANCHA 
2024-05-13 07:58:03- [I] {
  _id: new ObjectId('6639d12552b13678b74825f3'),
  name: 'ARANCHA',
  password: '1234',
  email: 'ARANCHA@MAIL.COM',
  online: false,
  __v: 0
} 
2024-05-13 07:58:03- [I] El usuario ARANCHA se ha conectado 
2024-05-13 07:58:09- [I] 6639d12552b13678b74825f3Estp es el id 
2024-05-13 07:58:09- [I] usuario encontrado 
2024-05-13 07:58:09- [I] El id es 6639d12552b13678b74825f3 los datos son 6639d12552b13678b74825f3 
2024-05-13 07:58:09- [I] Definicion: ARANCHA 
2024-05-13 07:58:09- [I] {
  _id: new ObjectId('6639d12552b13678b74825f3'),
  name: 'ARANCHA',
  password: '1234',
  email: 'ARANCHA@MAIL.COM',
  online: true,
  __v: 0
} 
2024-05-13 07:58:09- [I] El usuario ARANCHA se ha desconectado 
2024-05-13 08:02:01- [I] 6639d12552b13678b74825f3Estp es el id 
2024-05-13 08:02:01- [I] usuario encontrado 
2024-05-13 08:02:01- [I] El id es 6639d12552b13678b74825f3 los datos son 6639d12552b13678b74825f3 
2024-05-13 08:02:01- [I] Definicion: ARANCHA 
2024-05-13 08:02:01- [I] {
  _id: new ObjectId('6639d12552b13678b74825f3'),
  name: 'ARANCHA',
  password: '1234',
  email: 'ARANCHA@MAIL.COM',
  online: false,
  __v: 0
} 
2024-05-13 08:08:29- [I] 6639d12552b13678b74825f3Estp es el id 
2024-05-13 08:08:29- [I] usuario encontrado 
2024-05-13 08:08:29- [I] El id es 6639d12552b13678b74825f3 los datos son 6639d12552b13678b74825f3 
2024-05-13 08:08:29- [I] Definicion: ARANCHA 
2024-05-13 08:08:29- [I] {
  _id: new ObjectId('6639d12552b13678b74825f3'),
  name: 'ARANCHA',
  password: '1234',
  email: 'ARANCHA@MAIL.COM',
  online: false,
  __v: 0
} 
2024-05-13 08:13:53- [I] 6639d12552b13678b74825f3Estp es el id 
2024-05-13 08:13:53- [I] usuario encontrado 
2024-05-13 08:13:53- [I] El id es 6639d12552b13678b74825f3 los datos son 6639d12552b13678b74825f3 
2024-05-13 08:13:53- [I] Definicion: ARANCHA 
2024-05-13 08:13:53- [I] {
  _id: new ObjectId('6639d12552b13678b74825f3'),
  name: 'ARANCHA',
  password: '1234',
  email: 'ARANCHA@MAIL.COM',
  online: false,
  __v: 0
} 
2024-05-13 08:14:41- [I] 6639d12552b13678b74825f3Estp es el id 
2024-05-13 08:14:41- [I] usuario encontrado 
2024-05-13 08:14:41- [I] El id es 6639d12552b13678b74825f3 los datos son 6639d12552b13678b74825f3 
2024-05-13 08:14:41- [I] Definicion: ARANCHA 
2024-05-13 08:14:41- [I] {
  _id: new ObjectId('6639d12552b13678b74825f3'),
  name: 'ARANCHA',
  password: '1234',
  email: 'ARANCHA@MAIL.COM',
  online: false,
  __v: 0
} 
2024-05-13 08:15:40- [I] 6639d12552b13678b74825f3Estp es el id 
2024-05-13 08:15:40- [I] usuario encontrado 
2024-05-13 08:15:40- [I] El id es 6639d12552b13678b74825f3 los datos son 6639d12552b13678b74825f3 
2024-05-13 08:15:40- [I] Definicion: ARANCHA 
2024-05-13 08:15:40- [I] {
  _id: new ObjectId('6639d12552b13678b74825f3'),
  name: 'ARANCHA',
  password: '1234',
  email: 'ARANCHA@MAIL.COM',
  online: false,
  __v: 0
} 
2024-05-13 08:16:11- [I] 6639d12552b13678b74825f3Estp es el id 
2024-05-13 08:16:11- [I] usuario encontrado 
2024-05-13 08:16:11- [I] El id es 6639d12552b13678b74825f3 los datos son 6639d12552b13678b74825f3 
2024-05-13 08:16:11- [I] Definicion: ARANCHA 
2024-05-13 08:16:11- [I] {
  _id: new ObjectId('6639d12552b13678b74825f3'),
  name: 'ARANCHA',
  password: '1234',
  email: 'ARANCHA@MAIL.COM',
  online: false,
  __v: 0
} 
2024-05-13 08:16:27- [I] 6639d12552b13678b74825f3Estp es el id 
2024-05-13 08:16:27- [I] usuario encontrado 
2024-05-13 08:16:27- [I] El id es 6639d12552b13678b74825f3 los datos son 6639d12552b13678b74825f3 
2024-05-13 08:16:27- [I] Definicion: ARANCHA 
2024-05-13 08:16:27- [I] {
  _id: new ObjectId('6639d12552b13678b74825f3'),
  name: 'ARANCHA',
  password: '1234',
  email: 'ARANCHA@MAIL.COM',
  online: false,
  __v: 0
} 
2024-05-13 08:17:09- [I] 6639d12552b13678b74825f3Estp es el id 
2024-05-13 08:17:09- [I] usuario encontrado 
2024-05-13 08:17:09- [I] El id es 6639d12552b13678b74825f3 los datos son 6639d12552b13678b74825f3 
2024-05-13 08:17:09- [I] Definicion: ARANCHA 
2024-05-13 08:17:09- [I] {
  _id: new ObjectId('6639d12552b13678b74825f3'),
  name: 'ARANCHA',
  password: '1234',
  email: 'ARANCHA@MAIL.COM',
  online: false,
  __v: 0
} 
2024-05-13 08:17:22- [I] 6639d12552b13678b74825f3Estp es el id 
2024-05-13 08:17:22- [I] usuario encontrado 
2024-05-13 08:17:22- [I] El id es 6639d12552b13678b74825f3 los datos son 6639d12552b13678b74825f3 
2024-05-13 08:17:22- [I] Definicion: ARANCHA 
2024-05-13 08:17:22- [I] {
  _id: new ObjectId('6639d12552b13678b74825f3'),
  name: 'ARANCHA',
  password: '1234',
  email: 'ARANCHA@MAIL.COM',
  online: false,
  __v: 0
} 
2024-05-13 08:17:38- [I] 6639d12552b13678b74825f3Estp es el id 
2024-05-13 08:17:38- [I] usuario encontrado 
2024-05-13 08:17:38- [I] El id es 6639d12552b13678b74825f3 los datos son 6639d12552b13678b74825f3 
2024-05-13 08:17:38- [I] Definicion: ARANCHA 
2024-05-13 08:17:38- [I] {
  _id: new ObjectId('6639d12552b13678b74825f3'),
  name: 'ARANCHA',
  password: '1234',
  email: 'ARANCHA@MAIL.COM',
  online: false,
  __v: 0
} 
2024-05-13 08:18:10- [I] 6639d12552b13678b74825f3Estp es el id 
2024-05-13 08:18:10- [I] usuario encontrado 
2024-05-13 08:18:10- [I] El id es 6639d12552b13678b74825f3 los datos son 6639d12552b13678b74825f3 
2024-05-13 08:18:26- [I] 6639d12552b13678b74825f3Estp es el id 
2024-05-13 08:18:26- [I] usuario encontrado 
2024-05-13 08:18:26- [I] El id es 6639d12552b13678b74825f3 los datos son 6639d12552b13678b74825f3 
2024-05-13 08:18:38- [I] 6639d12552b13678b74825f3Estp es el id 
2024-05-13 08:18:38- [I] usuario encontrado 
2024-05-13 08:18:38- [I] El id es 6639d12552b13678b74825f3 los datos son 6639d12552b13678b74825f3 
2024-05-13 08:18:57- [I] 6639d12552b13678b74825f3Estp es el id 
2024-05-13 08:18:57- [I] usuario encontrado 
2024-05-13 08:18:57- [I] El id es 6639d12552b13678b74825f3 los datos son 6639d12552b13678b74825f3 
2024-05-13 08:19:40- [I] 6639d12552b13678b74825f3Estp es el id 
2024-05-13 08:19:40- [I] usuario encontrado 
2024-05-13 08:19:40- [I] El id es 6639d12552b13678b74825f3 los datos son 6639d12552b13678b74825f3 
