2024-05-09 08:22:13- [I] [object Object] 
2024-05-09 08:23:35- [I] usuario encontrado 
2024-05-09 08:23:35- [I] El id es 6639d12552b13678b74825f3 los datos son ARANCHA 
2024-05-09 08:23:35- [I] Definicion: ARANCHA 
2024-05-09 08:23:35- [I] {
  _id: new ObjectId('6639d12552b13678b74825f3'),
  name: 'ARANCHA',
  password: '1234',
  email: 'ARANCHA@MAIL.COM',
  online: false,
  __v: 0
} 
2024-05-09 08:23:35- [I] El usuario ARANCHA se ha conectado 
2024-05-09 08:23:55- [I] [object Object] 
2024-05-09 08:24:16- [I] usuario encontrado 
2024-05-09 08:24:16- [I] El id es 6639d12552b13678b74825f3 los datos son ARANCHA 
2024-05-09 08:24:16- [I] Definicion: ARANCHA 
2024-05-09 08:24:16- [I] {
  _id: new ObjectId('6639d12552b13678b74825f3'),
  name: 'ARANCHA',
  password: '1234',
  email: 'ARANCHA@MAIL.COM',
  online: true,
  __v: 0
} 
2024-05-09 08:24:16- [I] El usuario ARANCHA se ha desconectado 
2024-05-09 08:24:35- [I] usuario encontrado 
2024-05-09 08:24:35- [I] El id es 663a23ed83e3965a3718f5fa los datos son PACO 
2024-05-09 08:24:35- [I] Definicion: PATRICIA 
2024-05-09 08:24:44- [I] usuario encontrado 
2024-05-09 08:24:44- [I] El id es 6639d12552b13678b74825f3 los datos son ARANCHA 
2024-05-09 08:24:44- [I] Definicion: ARANCHA 
2024-05-09 08:24:44- [I] {
  _id: new ObjectId('6639d12552b13678b74825f3'),
  name: 'ARANCHA',
  password: '1234',
  email: 'ARANCHA@MAIL.COM',
  online: false,
  __v: 0
} 
2024-05-09 08:25:00- [I] usuario encontrado 
2024-05-09 08:25:00- [I] El id es 663a23ed83e3965a3718f5fa los datos son PACO 
2024-05-09 08:25:00- [I] Definicion: PACO 
2024-05-09 08:25:00- [I] {
  _id: new ObjectId('663a23ed83e3965a3718f5fa'),
  name: 'PACO',
  password: '1234',
  email: 'PACO@MAIL.COM',
  online: false,
  __v: 0
} 
2024-05-09 08:25:34- [I] usuario encontrado 
2024-05-09 08:25:34- [I] El id es 663a23ed83e3965a3718f5fa los datos son PACO 
2024-05-09 08:25:34- [I] Definicion: PACO 
2024-05-09 08:25:34- [I] {
  _id: new ObjectId('663a23ed83e3965a3718f5fa'),
  name: 'PACO',
  password: '12345',
  email: 'PACO@MAIL.COM',
  online: false,
  __v: 0
} 
