2024-05-07 08:07:29- [I] [object Object] 
2024-05-07 08:07:29- [I] [object Object] 
2024-05-07 08:07:41- [I] [object Object] 
2024-05-07 08:07:41- [I] [object Object] 
2024-05-07 08:08:30- [I] [object Object] 
2024-05-07 08:08:30- [I] [object Object] 
2024-05-07 08:09:59- [I] [object Object] 
2024-05-07 08:09:59- [I] [object Object] 
2024-05-07 08:11:30- [I] [object Object] 
2024-05-07 08:11:30- [I] {
  name: 'FER',
  password: '1234',
  email: 'FER@MAIL.COM',
  online: false,
  _id: new ObjectId('6639c6129b19f56465002274')
} 
2024-05-07 08:27:38- [I] [object Object] 
2024-05-07 08:27:38- [I] {
  name: 'PEDRO',
  password: '1234',
  email: 'PEDRO@MAIL.COM',
  online: false,
  _id: new ObjectId('6639c9dae911dd0d9651718a')
} 
2024-05-07 08:27:46- [I] [object Object] 
2024-05-07 08:27:46- [I] {
  name: 'PEDRO',
  password: '1234',
  email: 'PEDRO@MAIL.COM',
  online: false,
  _id: new ObjectId('6639c9e2e911dd0d9651718e')
} 
2024-05-07 08:32:00- [I] [object Object] 
2024-05-07 08:32:00- [I] {
  name: 'PEDRO',
  password: '1234',
  email: 'PEDRO@MAIL.COM',
  online: false,
  _id: new ObjectId('6639cae0e911dd0d96517192')
} 
2024-05-07 08:37:01- [I] [object Object] 
2024-05-07 08:37:01- [I] {
  name: 'PEDRO',
  password: '1234',
  email: 'PEDRO@MAIL.COM',
  online: false,
  _id: new ObjectId('6639cc0daf960eb35544c53b')
} 
2024-05-07 08:37:14- [I] [object Object] 
2024-05-07 08:37:14- [I] {
  name: 'FER',
  password: '1234',
  email: 'FER@MAIL.COM',
  online: false,
  _id: new ObjectId('6639cc1aaf960eb35544c540')
} 
2024-05-07 08:39:28- [I] undefined {"name":"PEDROPEDROPE","password":"PEDRO@MAIL.COM","email":"1234","online":false}
2024-05-07 08:39:28- [I] usuario encontrado 
2024-05-07 08:39:44- [I] undefined {"name":"PEDROPEDROPE","password":"PEDRO@MAIL.COM","email":"1234","online":false}
2024-05-07 08:39:44- [I] usuario encontrado 
2024-05-07 08:39:46- [I] undefined {"name":"PEDROPEDROPE","password":"PEDRO@MAIL.COM","email":"1234","online":false}
2024-05-07 08:39:46- [I] usuario encontrado 
2024-05-07 08:39:47- [I] undefined {"name":"PEDROPEDROPE","password":"PEDRO@MAIL.COM","email":"1234","online":false}
2024-05-07 08:39:47- [I] usuario encontrado 
2024-05-07 08:43:34- [I] undefined {"name":"PEDROPEDROPE","password":"PEDRO@MAIL.COM","email":"1234","online":false}
2024-05-07 08:43:34- [I] usuario encontrado 
2024-05-07 08:44:30- [I] undefined {"name":"PEDROPEDROPE","password":"PEDRO@MAIL.COM","email":"1234","online":false}
2024-05-07 08:44:30- [I] usuario encontrado 
2024-05-07 08:44:56- [I] undefined {"name":"PEDROPEDROPE","password":"PEDRO@MAIL.COM","email":"1234","online":false}
2024-05-07 08:44:56- [I] usuario encontrado 
2024-05-07 08:45:01- [I] undefined {"name":"PEDROPEDROPE","password":"PEDRO@MAIL.COM","email":"1234","online":false}
2024-05-07 08:45:01- [I] usuario encontrado 
2024-05-07 08:45:27- [I] undefined {"name":"PEDRO","password":"PEDRO@MAIL.COM","email":"1234","online":false}
2024-05-07 08:45:27- [I] usuario encontrado 
2024-05-07 08:45:34- [I] undefined {"name":"PEDROPEDROPE","password":"PEDRO@MAIL.COM","email":"1234","online":false}
2024-05-07 08:45:34- [I] usuario encontrado 
2024-05-07 08:50:37- [I] undefined {"name":"PEDROPEDROPE","password":"PEDRO@MAIL.COM","email":"1234","online":false}
2024-05-07 08:50:37- [I] usuario encontrado 
2024-05-07 08:51:09- [I] undefined {"name":"PEDROPEDROPE","password":"PEDRO@MAIL.COM","email":"1234","online":false}
2024-05-07 08:51:09- [I] usuario encontrado 
2024-05-07 08:52:22- [I] undefined {"name":"PEDROPEDROPE","password":"PEDRO@MAIL.COM","email":"1234","online":false}
2024-05-07 08:52:22- [I] usuario encontrado 
2024-05-07 08:55:25- [I] undefined {"name":"PEDROPEDROPE","password":"PEDRO@MAIL.COM","email":"1234","online":false}
2024-05-07 08:55:25- [I] usuario encontrado 
2024-05-07 08:55:54- [I] undefined {"name":"PEDROPEDROPE","password":"PEDRO@MAIL.COM","email":"1234","online":false}
2024-05-07 08:55:54- [I] usuario encontrado 
2024-05-07 08:58:45- [I] [object Object] 
2024-05-07 08:58:45- [I] {
  name: 'ARANCHA',
  password: '1234',
  email: 'ARANCHA@MAIL.COM',
  online: false,
  _id: new ObjectId('6639d12552b13678b74825f3')
} 
2024-05-07 09:06:02- [I] undefined {"name":"PEDROPEDROPE","password":"PEDRO@MAIL.COM","email":"1234","online":false}
2024-05-07 09:06:02- [I] usuario encontrado 
2024-05-07 09:06:57- [I] undefined {"name":"PEDROPEDROPE","password":"PEDRO@MAIL.COM","email":"1234","online":false}
2024-05-07 09:06:57- [I] usuario encontrado 
2024-05-07 09:09:21- [I] undefined {"name":"PEDROPEDROPE","password":"PEDRO@MAIL.COM","email":"1234","online":false}
2024-05-07 09:09:21- [I] usuario encontrado 
2024-05-07 09:10:05- [I] undefined {"name":"PEDROPEDROPE","password":"PEDRO@MAIL.COM","email":"1234","online":false}
2024-05-07 09:10:05- [I] usuario encontrado 
2024-05-07 09:10:12- [I] undefined {"name":"PEDROPEDROPE","password":"PEDRO@MAIL.COM","email":"1234","online":false}
2024-05-07 09:10:12- [I] usuario encontrado 
2024-05-07 09:10:59- [I] undefined {"name":"PEDROPEDROPE","password":"PEDRO@MAIL.COM","email":"1234","online":false}
2024-05-07 09:10:59- [I] usuario encontrado 
2024-05-07 09:11:49- [I] undefined {"name":"PEDROPEDROPE","password":"PEDRO@MAIL.COM","email":"1234","online":false}
2024-05-07 09:11:49- [I] usuario encontrado 
2024-05-07 09:13:13- [I] undefined {"name":"PEDROPEDROPE","password":"PEDRO@MAIL.COM","email":"1234","online":false}
2024-05-07 09:13:13- [I] usuario encontrado 
2024-05-07 09:14:43- [I] undefined {"name":"PEDROPEDROPE","password":"PEDRO@MAIL.COM","email":"1234","online":false}
2024-05-07 09:14:43- [I] usuario encontrado 
2024-05-07 09:14:43- [I] El id es undefined los datos son [object Object] 
2024-05-07 09:15:05- [I] undefined {"name":"PEDROPEDROPE","password":"PEDRO@MAIL.COM","email":"1234","online":false}
2024-05-07 09:15:05- [I] usuario encontrado 
2024-05-07 09:15:05- [I] El id es undefined los datos son [object Object] 
2024-05-07 09:15:10- [I] undefined {"name":"PEDROPEDROPE","password":"PEDRO@MAIL.COM","email":"1234","online":false}
2024-05-07 09:15:10- [I] usuario encontrado 
2024-05-07 09:15:10- [I] El id es undefined los datos son [object Object] 
2024-05-07 09:15:17- [I] undefined {"name":"PEDRO","password":"PEDRO@MAIL.COM","email":"1234","online":false}
2024-05-07 09:15:17- [I] usuario encontrado 
2024-05-07 09:15:17- [I] El id es undefined los datos son [object Object] 
2024-05-07 09:16:03- [I] undefined {"name":"PEDRO","password":"PEDRO@MAIL.COM","email":"1234","online":false}
2024-05-07 09:16:03- [I] usuario encontrado 
2024-05-07 09:16:03- [I] El id es undefined los datos son PEDRO 
2024-05-07 09:16:06- [I] undefined {"name":"PEDROPEDROPE","password":"PEDRO@MAIL.COM","email":"1234","online":false}
2024-05-07 09:16:06- [I] usuario encontrado 
2024-05-07 09:16:06- [I] El id es undefined los datos son PEDROPEDROPE 
2024-05-07 09:17:31- [I] undefined {"name":"PEDROPEDROPE","password":"PEDRO@MAIL.COM","email":"1234","online":false}
2024-05-07 09:17:31- [I] usuario encontrado 
2024-05-07 09:17:31- [I] El id es undefined los datos son PEDROPEDROPE 
2024-05-07 09:27:10- [I] undefined {"name":"PEDROPEDROPE","password":"PEDRO@MAIL.COM","email":"1234","online":false}
2024-05-07 09:27:10- [I] usuario encontrado 
2024-05-07 09:27:10- [I] El id es undefined los datos son PEDROPEDROPE 
2024-05-07 09:27:58- [I] undefined {"name":"PEDROPEDROPE","password":"PEDRO@MAIL.COM","email":"1234","online":false}
2024-05-07 09:27:58- [I] usuario encontrado 
2024-05-07 09:27:58- [I] El id es undefined los datos son PEDROPEDROPE 
2024-05-07 09:28:20- [I] undefined {"name":"PEDROPEDROPE","password":"PEDRO@MAIL.COM","email":"1234","online":false}
2024-05-07 09:28:20- [I] usuario encontrado 
2024-05-07 09:28:20- [I] El id es undefined los datos son PEDROPEDROPE 
2024-05-07 09:28:22- [I] undefined {"name":"PEDROPEDROPE","password":"PEDRO@MAIL.COM","email":"1234","online":false}
2024-05-07 09:28:22- [I] usuario encontrado 
2024-05-07 09:28:22- [I] El id es undefined los datos son PEDROPEDROPE 
2024-05-07 09:31:02- [I] undefined {"name":"PEDROPEDROPE","password":"PEDRO@MAIL.COM","email":"1234","online":false}
2024-05-07 09:31:02- [I] usuario encontrado 
2024-05-07 09:31:02- [I] El id es undefined los datos son PEDROPEDROPE 
2024-05-07 09:31:14- [I] undefined {"name":"PEDROPEDROPE","password":"PEDRO@MAIL.COM","email":"1234","online":false}
2024-05-07 09:31:14- [I] usuario encontrado 
2024-05-07 09:31:14- [I] El id es undefined los datos son PEDROPEDROPE 
2024-05-07 09:31:15- [I] undefined {"name":"PEDROPEDROPE","password":"PEDRO@MAIL.COM","email":"1234","online":false}
2024-05-07 09:31:15- [I] usuario encontrado 
2024-05-07 09:31:15- [I] El id es undefined los datos son PEDROPEDROPE 
2024-05-07 09:34:50- [I] 6639cc0daf960eb35544c53b {"name":"PEDRO","password":"PEDRO@MAIL.COM","email":"1234","online":false}
2024-05-07 09:34:50- [I] usuario encontrado 
2024-05-07 09:34:50- [I] El id es 6639cc0daf960eb35544c53b los datos son PEDRO 
2024-05-07 09:34:50- [I] Definicion: PEDRO 
2024-05-07 09:34:50- [I] Los datos son [object Object] 
2024-05-07 09:34:50- [I] Modificando usuario 
2024-05-07 09:34:50- [I] Usuario creado: [object Object] 
2024-05-07 09:34:54- [I] 6639cc0daf960eb35544c53b {"name":"PEDROPEDROPE","password":"PEDRO@MAIL.COM","email":"1234","online":false}
2024-05-07 09:34:54- [I] usuario encontrado 
2024-05-07 09:34:54- [I] El id es 6639cc0daf960eb35544c53b los datos son PEDROPEDROPE 
2024-05-07 09:34:54- [I] Definicion: PEDRO 
2024-05-07 09:34:54- [I] Los datos son [object Object] 
2024-05-07 09:34:54- [I] {
  _id: new ObjectId('6639cc0daf960eb35544c53b'),
  name: 'PEDRO',
  password: 'PEDRO@MAIL.COM',
  email: '1234',
  online: false,
  __v: 0
} 
2024-05-07 09:34:54- [I] Modificando usuario 
2024-05-07 09:34:54- [I] Usuario creado: [object Object] 
2024-05-07 09:36:01- [I] 6639cc1aaf960eb35544c540 {"name":"FERNANDO","password":"FER@MAIL.COM","email":"1234","online":false}
2024-05-07 09:36:01- [I] usuario encontrado 
2024-05-07 09:36:01- [I] El id es 6639cc1aaf960eb35544c540 los datos son FERNANDO 
2024-05-07 09:36:01- [I] Definicion: FER 
2024-05-07 09:36:01- [I] Los datos son [object Object] 
2024-05-07 09:36:01- [I] {
  _id: new ObjectId('6639cc0daf960eb35544c53b'),
  name: 'PEDROPEDROPE',
  password: 'PEDRO@MAIL.COM',
  email: '1234',
  online: false,
  __v: 0
} 
2024-05-07 09:36:01- [I] 6639cc1aaf960eb35544c540 - 6639cc0daf960eb35544c53b 
2024-05-07 09:38:05- [I] 6639cc1aaf960eb35544c540 {"name":"FERNANDO","password":"FER@MAIL.COM","email":"1234","online":false}
2024-05-07 09:38:05- [I] usuario encontrado 
2024-05-07 09:38:05- [I] El id es 6639cc1aaf960eb35544c540 los datos son FERNANDO 
2024-05-07 09:38:05- [I] Definicion: FER 
2024-05-07 09:38:05- [I] Los datos son [object Object] 
2024-05-07 09:38:05- [I] {
  _id: new ObjectId('6639cc0daf960eb35544c53b'),
  name: 'PEDROPEDROPE',
  password: 'PEDRO@MAIL.COM',
  email: '1234',
  online: false,
  __v: 0
} 
2024-05-07 09:38:05- [I] 6639cc1aaf960eb35544c540 - 6639cc0daf960eb35544c53b 
2024-05-07 09:40:56- [I] 6639cc1aaf960eb35544c540 {"name":"FERNANDO","password":"FER@MAIL.COM","email":"1234","online":false}
2024-05-07 09:40:56- [I] usuario encontrado 
2024-05-07 09:40:56- [I] El id es 6639cc1aaf960eb35544c540 los datos son FERNANDO 
2024-05-07 09:40:56- [I] Definicion: FER 
2024-05-07 09:40:56- [I] Los datos son [object Object] 
2024-05-07 09:40:56- [I] {
  _id: new ObjectId('6639cc0daf960eb35544c53b'),
  name: 'PEDROPEDROPE',
  password: 'PEDRO@MAIL.COM',
  email: '1234',
  online: false,
  __v: 0
} 
2024-05-07 09:40:56- [I] 6639cc1aaf960eb35544c540 - 6639cc0daf960eb35544c53b 
2024-05-07 09:42:44- [I] 6639cc1aaf960eb35544c540 {"name":"FERNANDO","password":"FER@MAIL.COM","email":"1234","online":false}
2024-05-07 09:42:44- [I] usuario encontrado 
2024-05-07 09:42:44- [I] El id es 6639cc1aaf960eb35544c540 los datos son FERNANDO 
2024-05-07 09:42:44- [I] Definicion: FER 
2024-05-07 09:42:44- [I] Los datos son {"name":"FERNANDO","password":"FER@MAIL.COM","email":"1234","online":false} 
2024-05-07 09:42:44- [I] {
  _id: new ObjectId('6639cc0daf960eb35544c53b'),
  name: 'PEDROPEDROPE',
  password: 'PEDRO@MAIL.COM',
  email: '1234',
  online: false,
  __v: 0
} 
2024-05-07 09:42:44- [I] 6639cc1aaf960eb35544c540 - 6639cc0daf960eb35544c53b 
2024-05-07 09:45:07- [I] 6639cc1aaf960eb35544c540 {"name":"FERNANDO","password":"1234","email":"FER@MAIL.COM","online":false}
2024-05-07 09:45:07- [I] usuario encontrado 
2024-05-07 09:45:07- [I] El id es 6639cc1aaf960eb35544c540 los datos son FERNANDO 
2024-05-07 09:45:07- [I] Definicion: FER 
2024-05-07 09:45:07- [I] Los datos son {"name":"FERNANDO","password":"1234","email":"FER@MAIL.COM","online":false} 
2024-05-07 09:45:08- [I] {
  _id: new ObjectId('6639cc1aaf960eb35544c540'),
  name: 'FER',
  password: '1234',
  email: 'FER@MAIL.COM',
  online: false,
  __v: 0
} 
2024-05-07 09:45:08- [I] Modificando usuario 
2024-05-07 09:45:08- [I] Usuario creado: [object Object] 
2024-05-07 09:45:43- [I] 6639cc0daf960eb35544c53b {"name":"PEDROPEDROPE","password":"1234","email":"pedro@mail","online":false}
2024-05-07 09:45:43- [I] usuario encontrado 
2024-05-07 09:45:43- [I] El id es 6639cc0daf960eb35544c53b los datos son PEDROPEDROPE 
2024-05-07 09:45:43- [I] Definicion: PEDROPEDROPE 
2024-05-07 09:45:43- [I] Los datos son {"name":"PEDROPEDROPE","password":"1234","email":"pedro@mail","online":false} 
2024-05-07 09:45:43- [I] Modificando usuario 
2024-05-07 09:45:43- [I] Usuario creado: [object Object] 
2024-05-07 09:52:41- [I] [object Object] 
2024-05-07 09:52:41- [I] undefined {"name":"LUISMI","password":"1234","email":"LUISMI@GMAIL.COM","online":true}
2024-05-07 09:52:41- [I] usuario encontrado 
2024-05-07 09:52:41- [I] El id es undefined los datos son LUISMI 
2024-05-07 10:22:16- [I] [object Object] 
2024-05-07 10:26:27- [I] [object Object] 
2024-05-07 10:30:31- [I] [object Object] 
2024-05-07 10:31:48- [I] [object Object] 
2024-05-07 10:32:35- [I] [object Object] 
2024-05-07 10:38:51- [I] [object Object] 
2024-05-07 10:54:23- [I] [object Object] 
2024-05-07 10:54:43- [I] 6639cc0daf960eb35544c53b {"name":"PEDRO","password":"1234","email":"PEDRO@MAIL","online":false}
2024-05-07 10:54:43- [I] usuario encontrado 
2024-05-07 10:54:43- [I] El id es 6639cc0daf960eb35544c53b los datos son PEDRO 
2024-05-07 10:54:43- [I] Definicion: PEDROPEDROPE 
2024-05-07 10:54:43- [I] {
  _id: new ObjectId('6639cc0daf960eb35544c53b'),
  name: 'PEDROPEDROPE',
  password: '1234',
  email: 'PEDRO@MAIL',
  online: false,
  __v: 0
} 
2024-05-07 10:57:55- [I] [object Object] 
2024-05-07 10:59:03- [I] [object Object] 
2024-05-07 11:02:49- [I] [object Object] 
2024-05-07 11:04:19- [I] [object Object] 
2024-05-07 11:06:20- [I] [object Object] 
2024-05-07 11:10:06- [I] [object Object] 
2024-05-07 11:10:37- [I] [object Object] 
2024-05-07 11:10:48- [I] [object Object] 
2024-05-07 11:12:23- [I] [object Object] 
2024-05-07 11:13:05- [I] [object Object] 
2024-05-07 11:15:18- [I] [object Object] 
2024-05-07 11:16:10- [I] [object Object] 
2024-05-07 11:17:38- [I] [object Object] 
2024-05-07 11:20:07- [I] [object Object] 
2024-05-07 11:20:21- [I] [object Object] 
2024-05-07 11:22:44- [I] [object Object] 
2024-05-07 11:24:09- [I] [object Object] 
2024-05-07 11:30:15- [I] [object Object] 
2024-05-07 11:30:45- [I] 66348271a65a30886dbb4a29 {"name":"FERNANDO","password":"1234","email":"FERNANDO@MAIL.COM","online":false}
2024-05-07 11:30:45- [I] usuario encontrado 
2024-05-07 11:30:45- [I] El id es 66348271a65a30886dbb4a29 los datos son FERNANDO 
2024-05-07 11:30:59- [I] 6639cc1aaf960eb35544c540 {"name":"FERNANDO","password":"1234","email":"FERNANDO@MAIL.COM","online":false}
2024-05-07 11:30:59- [I] usuario encontrado 
2024-05-07 11:30:59- [I] El id es 6639cc1aaf960eb35544c540 los datos son FERNANDO 
2024-05-07 11:30:59- [I] Definicion: FERNANDO 
2024-05-07 11:31:32- [I] 6639cc1aaf960eb35544c540 {"name":"FERNANDO","password":"1234","email":"FERNANDO@MAIL.COM","online":true}
2024-05-07 11:31:32- [I] usuario encontrado 
2024-05-07 11:31:32- [I] El id es 6639cc1aaf960eb35544c540 los datos son FERNANDO 
2024-05-07 11:31:32- [I] Definicion: FERNANDO 
2024-05-07 11:31:32- [I] {
  _id: new ObjectId('6639cc1aaf960eb35544c540'),
  name: 'FERNANDO',
  password: '1234',
  email: 'FERNANDO@MAIL.COM',
  online: false,
  __v: 0
} 
2024-05-07 11:31:32- [I] El usuario FERNANDO se ha conectado 
2024-05-07 11:31:44- [I] 6639cc1aaf960eb35544c540 {"name":"FERNANDO","password":"1234","email":"FERNANDO@MAIL.COM","online":false}
2024-05-07 11:31:44- [I] usuario encontrado 
2024-05-07 11:31:44- [I] El id es 6639cc1aaf960eb35544c540 los datos son FERNANDO 
2024-05-07 11:31:44- [I] Definicion: FERNANDO 
2024-05-07 11:31:44- [I] {
  _id: new ObjectId('6639cc1aaf960eb35544c540'),
  name: 'FERNANDO',
  password: '1234',
  email: 'FERNANDO@MAIL.COM',
  online: true,
  __v: 0
} 
2024-05-07 11:31:44- [I] El usuario FERNANDO se ha desconectado 
2024-05-07 11:36:37- [I] [object Object] 
2024-05-07 11:38:31- [I] [object Object] 
2024-05-07 11:40:22- [I] [object Object] 
2024-05-07 11:41:18- [I] [object Object] 
2024-05-07 11:42:23- [I] [object Object] 
2024-05-07 11:43:00- [I] [object Object] 
2024-05-07 11:44:05- [I] [object Object] 
2024-05-07 11:44:50- [I] [object Object] 
2024-05-07 11:46:57- [I] [object Object] 
2024-05-07 12:21:23- [I] [object Object] 
2024-05-07 12:21:24- [I] [object Object] 
2024-05-07 12:21:25- [I] [object Object] 
2024-05-07 12:21:25- [I] [object Object] 
2024-05-07 12:21:26- [I] [object Object] 
2024-05-07 12:21:26- [I] [object Object] 
2024-05-07 12:21:26- [I] [object Object] 
2024-05-07 12:21:26- [I] [object Object] 
2024-05-07 12:21:26- [I] [object Object] 
2024-05-07 12:21:27- [I] [object Object] 
2024-05-07 12:21:27- [I] [object Object] 
2024-05-07 12:21:52- [I] [object Object] 
2024-05-07 12:21:52- [I] [object Object] 
2024-05-07 12:21:52- [I] [object Object] 
2024-05-07 12:21:53- [I] [object Object] 
2024-05-07 12:21:53- [I] [object Object] 
2024-05-07 12:21:53- [I] [object Object] 
2024-05-07 12:21:53- [I] [object Object] 
2024-05-07 12:21:53- [I] [object Object] 
2024-05-07 12:21:54- [I] [object Object] 
2024-05-07 12:21:54- [I] [object Object] 
2024-05-07 12:21:55- [I] [object Object] 
2024-05-07 12:21:55- [I] [object Object] 
2024-05-07 12:21:55- [I] [object Object] 
2024-05-07 12:21:55- [I] [object Object] 
2024-05-07 12:21:56- [I] [object Object] 
2024-05-07 12:21:56- [I] [object Object] 
2024-05-07 12:21:57- [I] [object Object] 
2024-05-07 12:21:57- [I] [object Object] 
2024-05-07 12:21:57- [I] [object Object] 
2024-05-07 12:21:57- [I] [object Object] 
2024-05-07 12:21:57- [I] [object Object] 
2024-05-07 12:21:57- [I] [object Object] 
2024-05-07 12:21:58- [I] [object Object] 
2024-05-07 12:21:58- [I] [object Object] 
2024-05-07 12:21:58- [I] [object Object] 
2024-05-07 12:21:58- [I] [object Object] 
2024-05-07 12:22:03- [I] [object Object] 
2024-05-07 12:22:48- [I] [object Object] 
2024-05-07 12:22:49- [I] [object Object] 
2024-05-07 12:22:49- [I] [object Object] 
2024-05-07 12:22:50- [I] [object Object] 
2024-05-07 12:22:50- [I] [object Object] 
2024-05-07 12:22:50- [I] [object Object] 
2024-05-07 12:23:18- [I] [object Object] 
2024-05-07 12:23:19- [I] [object Object] 
2024-05-07 12:23:20- [I] [object Object] 
2024-05-07 12:23:20- [I] [object Object] 
2024-05-07 12:23:20- [I] [object Object] 
2024-05-07 12:23:20- [I] [object Object] 
2024-05-07 12:23:20- [I] [object Object] 
2024-05-07 12:23:21- [I] [object Object] 
2024-05-07 12:23:21- [I] [object Object] 
2024-05-07 12:23:21- [I] [object Object] 
2024-05-07 12:23:21- [I] [object Object] 
2024-05-07 12:23:22- [I] [object Object] 
2024-05-07 12:23:22- [I] [object Object] 
2024-05-07 12:23:22- [I] [object Object] 
2024-05-07 12:23:23- [I] [object Object] 
2024-05-07 12:27:38- [I] [object Object] 
2024-05-07 12:29:53- [I] [object Object] 
2024-05-07 12:29:54- [I] [object Object] 
2024-05-07 12:29:54- [I] [object Object] 
2024-05-07 12:29:54- [I] [object Object] 
2024-05-07 12:29:54- [I] [object Object] 
2024-05-07 12:35:45- [I] [object Object] 
2024-05-07 12:35:46- [I] [object Object] 
2024-05-07 12:35:46- [I] [object Object] 
2024-05-07 12:35:47- [I] [object Object] 
2024-05-07 12:35:47- [I] [object Object] 
2024-05-07 12:35:47- [I] [object Object] 
2024-05-07 12:35:47- [I] [object Object] 
2024-05-07 12:38:56- [I] [object Object] 
2024-05-07 12:38:57- [I] [object Object] 
2024-05-07 12:38:58- [I] [object Object] 
2024-05-07 12:38:58- [I] [object Object] 
2024-05-07 12:40:05- [I] [object Object] 
2024-05-07 12:40:06- [I] [object Object] 
2024-05-07 12:40:21- [I] [object Object] 
2024-05-07 12:40:25- [I] [object Object] 
2024-05-07 12:40:25- [I] [object Object] 
2024-05-07 12:40:26- [I] [object Object] 
2024-05-07 12:40:26- [I] [object Object] 
2024-05-07 12:40:26- [I] [object Object] 
2024-05-07 12:40:26- [I] [object Object] 
2024-05-07 12:40:27- [I] [object Object] 
2024-05-07 12:40:27- [I] [object Object] 
2024-05-07 12:40:28- [I] [object Object] 
2024-05-07 12:40:39- [I] [object Object] 
2024-05-07 12:40:41- [I] [object Object] 
2024-05-07 12:40:41- [I] [object Object] 
2024-05-07 12:40:42- [I] [object Object] 
2024-05-07 12:41:00- [I] [object Object] 
2024-05-07 12:41:01- [I] [object Object] 
2024-05-07 12:41:01- [I] [object Object] 
2024-05-07 12:41:02- [I] [object Object] 
2024-05-07 12:41:02- [I] [object Object] 
2024-05-07 12:47:50- [I] [object Object] 
2024-05-07 12:47:58- [I] [object Object] 
2024-05-07 12:53:48- [I] [object Object] 
2024-05-07 12:54:07- [I] [object Object] 
2024-05-07 12:54:12- [I] [object Object] 
2024-05-07 12:54:13- [I] [object Object] 
2024-05-07 12:54:14- [I] [object Object] 
2024-05-07 12:54:14- [I] [object Object] 
2024-05-07 12:54:14- [I] [object Object] 
2024-05-07 12:54:15- [I] [object Object] 
2024-05-07 12:54:15- [I] [object Object] 
2024-05-07 12:54:16- [I] [object Object] 
2024-05-07 12:54:16- [I] [object Object] 
2024-05-07 12:54:16- [I] [object Object] 
2024-05-07 12:54:16- [I] [object Object] 
2024-05-07 12:54:18- [I] [object Object] 
2024-05-07 12:54:19- [I] [object Object] 
2024-05-07 12:54:33- [I] [object Object] 
2024-05-07 12:54:34- [I] [object Object] 
2024-05-07 12:55:20- [I] [object Object] 
2024-05-07 13:00:00- [I] [object Object] 
2024-05-07 13:01:09- [I] [object Object] 
2024-05-07 13:01:33- [I] [object Object] 
2024-05-07 13:01:54- [I] [object Object] 
2024-05-07 13:04:54- [I] [object Object] 
2024-05-07 13:05:34- [I] [object Object] 
2024-05-07 13:14:32- [I] [object Object] 
2024-05-07 13:17:56- [I] [object Object] 
2024-05-07 13:18:37- [I] [object Object] 
2024-05-07 13:18:44- [I] [object Object] 
2024-05-07 13:19:45- [I] [object Object] 
2024-05-07 13:22:29- [I] [object Object] 
2024-05-07 13:23:30- [I] [object Object] 
2024-05-07 13:24:34- [I] [object Object] 
2024-05-07 13:25:44- [I] [object Object] 
2024-05-07 13:26:36- [I] [object Object] 
2024-05-07 13:27:55- [I] [object Object] 
2024-05-07 13:27:56- [I] [object Object] 
2024-05-07 13:27:57- [I] [object Object] 
2024-05-07 13:27:57- [I] [object Object] 
2024-05-07 13:27:58- [I] [object Object] 
2024-05-07 13:27:58- [I] [object Object] 
2024-05-07 13:28:09- [I] [object Object] 
2024-05-07 13:28:10- [I] [object Object] 
2024-05-07 13:28:10- [I] [object Object] 
2024-05-07 13:32:37- [I] [object Object] 
2024-05-07 13:32:37- [I] [object Object] 
2024-05-07 13:32:38- [I] [object Object] 
2024-05-07 13:32:39- [I] [object Object] 
2024-05-07 13:32:39- [I] [object Object] 
2024-05-07 13:32:40- [I] [object Object] 
2024-05-07 13:32:40- [I] [object Object] 
2024-05-07 13:36:29- [I] [object Object] 
2024-05-07 13:36:44- [I] [object Object] 
2024-05-07 13:37:32- [I] [object Object] 
2024-05-07 13:38:07- [I] [object Object] 
2024-05-07 13:40:38- [I] [object Object] 
2024-05-07 13:40:59- [I] [object Object] 
2024-05-07 13:47:38- [I] [object Object] 
2024-05-07 13:47:38- [I] [object Object] 
2024-05-07 13:47:54- [I] [object Object] 
2024-05-07 13:47:54- [I] {
  name: 'MARIA',
  password: '1234',
  email: 'MARIA@MAIL.COM',
  online: false,
  _id: new ObjectId('663a14ea5b4ff019c6677161')
} 
2024-05-07 14:44:17- [I] "6639cc1aaf960eb35544c540" "{\"name\":\"FERNANDO\",\"password\":\"1234\",\"email\":\"FERNANDO@MAIL.COM\",\"online\":false}"
2024-05-07 14:44:17- [I] usuario encontrado 
2024-05-07 14:44:17- [I] El id es 6639cc1aaf960eb35544c540 los datos son FERNANDO 
2024-05-07 14:44:17- [I] Definicion: FERNANDO 
2024-05-07 14:44:18- [I] {
  _id: new ObjectId('6639cc1aaf960eb35544c540'),
  name: 'FERNANDO',
  password: '1234',
  email: 'FERNANDO@MAIL.COM',
  online: false,
  __v: 0
} 
2024-05-07 14:45:17- [I] "6639cc1aaf960eb35544c540" "{\"name\":\"FER\",\"password\":\"1234\",\"email\":\"FERNANDO@MAIL.COM\",\"online\":false}"
2024-05-07 14:45:17- [I] usuario encontrado 
2024-05-07 14:45:17- [I] El id es 6639cc1aaf960eb35544c540 los datos son FER 
2024-05-07 14:45:17- [I] Definicion: FERNANDO 
2024-05-07 14:45:17- [I] {
  _id: new ObjectId('6639cc1aaf960eb35544c540'),
  name: 'FERNANDO',
  password: '1234',
  email: 'FERNANDO@MAIL.COM',
  online: false,
  __v: 0
} 
2024-05-07 14:45:40- [I] "6639cc1aaf960eb35544c540" "{\"name\":\"FER\",\"password\":\"12\",\"email\":\"FERNANDO@MAIL.COM\",\"online\":false}"
2024-05-07 14:45:40- [I] usuario encontrado 
2024-05-07 14:45:40- [I] El id es 6639cc1aaf960eb35544c540 los datos son FER 
2024-05-07 14:45:40- [I] Definicion: FER 
2024-05-07 14:45:40- [I] {
  _id: new ObjectId('6639cc1aaf960eb35544c540'),
  name: 'FER',
  password: '1234',
  email: 'FERNANDO@MAIL.COM',
  online: false,
  __v: 0
} 
2024-05-07 14:45:59- [I] "6639cc1aaf960eb35544c540" "{\"name\":\"FER\",\"password\":\"1234\",\"email\":\"FERNANDO@MAIL.COM\",\"online\":false}"
2024-05-07 14:45:59- [I] usuario encontrado 
2024-05-07 14:45:59- [I] El id es 6639cc1aaf960eb35544c540 los datos son FER 
2024-05-07 14:45:59- [I] Definicion: FER 
2024-05-07 14:45:59- [I] {
  _id: new ObjectId('6639cc1aaf960eb35544c540'),
  name: 'FER',
  password: '12',
  email: 'FERNANDO@MAIL.COM',
  online: false,
  __v: 0
} 
2024-05-07 14:51:57- [I] [object Object] 
2024-05-07 14:51:57- [I] {
  name: 'PATRICIA',
  password: '1234',
  email: 'PATTRICIA@MAIL.COM',
  online: false,
  _id: new ObjectId('663a23ed83e3965a3718f5fa')
} 
2024-05-07 15:07:33- [I] [object Object] 
2024-05-07 15:08:42- [I] [object Object] 
2024-05-07 15:09:09- [I] [object Object] 
2024-05-07 15:12:23- [I] [object Object] 
2024-05-07 15:12:56- [I] [object Object] 
2024-05-07 15:13:36- [I] [object Object] 
2024-05-07 15:14:58- [I] [object Object] 
2024-05-07 15:16:27- [I] [object Object] 
2024-05-07 15:19:05- [I] [object Object] 
2024-05-07 15:27:57- [I] [object Object] 
2024-05-07 15:37:24- [I] [object Object] 
2024-05-07 15:38:34- [I] [object Object] 
2024-05-07 15:45:11- [I] [object Object] 
2024-05-07 15:45:50- [I] [object Object] 
2024-05-07 15:46:49- [I] [object Object] 
2024-05-07 15:49:41- [I] [object Object] 
2024-05-07 15:51:19- [I] [object Object] 
2024-05-07 15:52:50- [I] [object Object] 
2024-05-07 15:52:50- [I] [object Object] 
2024-05-07 15:52:50- [I] [object Object] 
2024-05-07 15:57:18- [I] [object Object] 
2024-05-07 15:57:18- [I] [object Object] 
2024-05-07 15:57:18- [I] [object Object] 
2024-05-07 15:57:34- [I] [object Object] 
2024-05-07 15:57:34- [I] [object Object] 
2024-05-07 15:57:34- [I] [object Object] 
2024-05-07 15:57:56- [I] [object Object] 
2024-05-07 15:57:56- [I] [object Object] 
2024-05-07 15:57:56- [I] [object Object] 
2024-05-07 15:58:36- [I] [object Object] 
2024-05-07 15:58:36- [I] [object Object] 
2024-05-07 15:58:36- [I] [object Object] 
2024-05-07 15:59:39- [I] [object Object] 
2024-05-07 15:59:40- [I] [object Object] 
2024-05-07 15:59:40- [I] [object Object] 
2024-05-07 16:00:35- [I] [object Object] 
2024-05-07 16:00:35- [I] [object Object] 
2024-05-07 16:00:35- [I] [object Object] 
2024-05-07 16:03:10- [I] [object Object] 
2024-05-07 16:03:10- [I] [object Object] 
2024-05-07 16:03:10- [I] [object Object] 
2024-05-07 16:05:19- [I] [object Object] 
2024-05-07 16:06:26- [I] [object Object] 
2024-05-07 16:06:26- [I] [object Object] 
2024-05-07 16:07:02- [I] [object Object] 
2024-05-07 16:07:02- [I] [object Object] 
2024-05-07 16:07:59- [I] [object Object] 
2024-05-07 16:07:59- [I] [object Object] 
2024-05-07 16:08:42- [I] [object Object] 
2024-05-07 16:08:42- [I] [object Object] 
2024-05-07 16:08:42- [I] 1 
2024-05-07 16:09:42- [I] [object Object] 
2024-05-07 16:09:42- [I] [object Object] 
2024-05-07 16:09:42- [I] 1 
2024-05-07 16:10:06- [I] [object Object] 
2024-05-07 16:10:06- [I] [object Object] 
2024-05-07 16:10:06- [I] 1 
2024-05-07 16:10:58- [I] [object Object] 
2024-05-07 16:10:58- [I] [object Object] 
2024-05-07 16:10:58- [I] 1 
2024-05-07 16:13:15- [I] [object Object] 
2024-05-07 16:13:15- [I] [object Object] 
2024-05-07 16:13:15- [I] 1 
2024-05-07 16:13:39- [I] [object Object] 
2024-05-07 16:13:39- [I] [object Object] 
2024-05-07 16:13:39- [I] 1 
2024-05-07 16:13:58- [I] [object Object] 
2024-05-07 16:13:58- [I] [object Object] 
2024-05-07 16:13:58- [I] 1 
2024-05-07 16:16:33- [I] [object Object] 
2024-05-07 16:16:33- [I] [object Object] 
2024-05-07 16:16:33- [I] 1 
2024-05-07 16:16:35- [I] [object Object] 
2024-05-07 16:16:35- [I] [object Object] 
2024-05-07 16:16:35- [I] 1 
2024-05-07 16:21:57- [I] [object Object] 
2024-05-07 16:22:13- [I] [object Object] 
2024-05-07 16:22:13- [I] [object Object] 
2024-05-07 16:22:13- [I] 1 
2024-05-07 16:22:51- [I] [object Object] 
2024-05-07 16:22:51- [I] [object Object] 
2024-05-07 16:22:51- [I] 1 
2024-05-07 16:24:00- [I] [object Object] 
2024-05-07 16:24:00- [I] [object Object] 
2024-05-07 16:24:00- [I] 1 
2024-05-07 16:28:39- [I] [object Object] 
2024-05-07 16:28:39- [I] [object Object] 
2024-05-07 16:28:39- [I] 1 
2024-05-07 16:32:26- [I] [object Object] 
2024-05-07 16:32:26- [I] 6634a7a97f06de21d70f3941 
2024-05-07 16:32:26- [I] 1 
2024-05-07 16:32:26- [I] 1,5 
2024-05-07 16:32:26- [I] 2 
2024-05-07 16:32:26- [I] {
  _id: new ObjectId('6634a7a97f06de21d70f3941'),
  name: 'LUISMI',
  email: 'LUISMI@GMAIL.COM',
  online: false,
  __v: 0,
  password: '1234'
} 
2024-05-07 16:32:26- [I] 3 
2024-05-07 16:32:36- [I] [object Object] 
2024-05-07 16:32:36- [I] 6634a7a97f06de21d70f3941 
2024-05-07 16:32:36- [I] 6634a7a97f06de21d70f3941 
2024-05-07 16:32:36- [I] 1 
2024-05-07 16:32:36- [I] 1,5 
2024-05-07 16:32:36- [I] 2 
2024-05-07 16:32:37- [I] {
  _id: new ObjectId('6634a7a97f06de21d70f3941'),
  name: 'LUISMI',
  email: 'LUISMI@GMAIL.COM',
  online: false,
  __v: 0,
  password: '1234'
} 
2024-05-07 16:32:37- [I] 3 
2024-05-07 16:35:27- [I] [object Object] 
2024-05-07 16:35:27- [I] 6634a7a97f06de21d70f3941 
2024-05-07 16:35:27- [I] 6634a7a97f06de21d70f3941 
2024-05-07 16:35:27- [I] 1 
2024-05-07 16:35:27- [I] 1,5 
2024-05-07 16:35:27- [I] 2 
2024-05-07 16:35:27- [I] {
  _id: new ObjectId('6634a7a97f06de21d70f3941'),
  name: 'LUISMI',
  email: 'LUISMI@GMAIL.COM',
  online: false,
  __v: 0,
  password: '1234'
} 
2024-05-07 16:35:27- [I] 3 
2024-05-07 16:36:21- [I] [object Object] 
2024-05-07 16:36:21- [I] 6634a7a97f06de21d70f3941 
2024-05-07 16:36:21- [I] 6634a7a97f06de21d70f3941 
2024-05-07 16:36:21- [I] 1 
2024-05-07 16:36:21- [I] 1,5 
2024-05-07 16:36:21- [I] 2 
2024-05-07 16:36:21- [I] {
  _id: new ObjectId('6634a7a97f06de21d70f3941'),
  name: 'LUISMI',
  email: 'LUISMI@GMAIL.COM',
  online: true,
  __v: 0,
  password: '1234'
} 
2024-05-07 16:36:21- [I] 3 
2024-05-07 16:48:33- [I] [object Object] 
2024-05-07 16:49:26- [I] [object Object] 
2024-05-07 16:55:05- [I] [object Object] 
2024-05-07 16:58:05- [I] [object Object] 
