2024-05-14 08:00:35- [I] U2FsdGVkX19XaBB5LoZLTiYifCCSA6HX8bxfhrFdA2w= -  1234
2024-05-14 08:00:36- [I] U2FsdGVkX19XaBB5LoZLTiYifCCSA6HX8bxfhrFdA2w= -  1234
2024-05-14 08:00:42- [I] U2FsdGVkX19XaBB5LoZLTiYifCCSA6HX8bxfhrFdA2w= -  12345
2024-05-14 08:00:42- [I] 6641f54915cc113889f1c82bEstp es el id 
2024-05-14 08:00:42- [I] usuario encontrado 
2024-05-14 08:00:42- [I] El id es 6641f54915cc113889f1c82b los datos son 6641f54915cc113889f1c82b 
2024-05-14 08:00:42- [I] Definicion: DAVID 
2024-05-14 08:00:42- [I] {
  _id: new ObjectId('6641f54915cc113889f1c82b'),
  name: 'DAVID',
  password: 'U2FsdGVkX19XaBB5LoZLTiYifCCSA6HX8bxfhrFdA2w=',
  email: 'DAVID@MAIL.COM',
  online: false,
  __v: 0
} 
2024-05-14 08:00:42- [I] El usuario DAVID se ha conectado 
2024-05-14 08:00:56- [I] 6641f54915cc113889f1c82bEstp es el id 
2024-05-14 08:00:56- [I] usuario encontrado 
2024-05-14 08:00:56- [I] El id es 6641f54915cc113889f1c82b los datos son 6641f54915cc113889f1c82b 
2024-05-14 08:00:56- [I] Definicion: DAVID 
2024-05-14 08:00:56- [I] {
  _id: new ObjectId('6641f54915cc113889f1c82b'),
  name: 'DAVID',
  password: 'U2FsdGVkX19XaBB5LoZLTiYifCCSA6HX8bxfhrFdA2w=',
  email: 'DAVID@MAIL.COM',
  online: true,
  __v: 0
} 
2024-05-14 08:00:56- [I] El usuario DAVID se ha desconectado 
2024-05-14 08:01:19- [I] U2FsdGVkX18eDtGYhCJY365uHv0iwiYe9ScAAHDidvg= -  1234
2024-05-14 08:01:19- [I] 6641f54915cc113889f1c82bEstp es el id 
2024-05-14 08:01:19- [I] usuario encontrado 
2024-05-14 08:01:19- [I] El id es 6641f54915cc113889f1c82b los datos son 6641f54915cc113889f1c82b 
2024-05-14 08:01:19- [I] Definicion: DAVID 
2024-05-14 08:01:19- [I] {
  _id: new ObjectId('6641f54915cc113889f1c82b'),
  name: 'DAVID',
  password: 'U2FsdGVkX18eDtGYhCJY365uHv0iwiYe9ScAAHDidvg=',
  email: 'DAVID@MAIL.COM',
  online: false,
  __v: 0
} 
2024-05-14 08:01:19- [I] El usuario DAVID se ha conectado 
2024-05-14 08:09:58- [I] 6641f54915cc113889f1c82bEstp es el id 
2024-05-14 08:09:58- [I] usuario encontrado 
2024-05-14 08:09:58- [I] El id es 6641f54915cc113889f1c82b los datos son 6641f54915cc113889f1c82b 
2024-05-14 08:09:58- [I] Definicion: DAVID 
2024-05-14 08:09:58- [I] {
  _id: new ObjectId('6641f54915cc113889f1c82b'),
  name: 'DAVID',
  password: 'U2FsdGVkX18eDtGYhCJY365uHv0iwiYe9ScAAHDidvg=',
  email: 'DAVID@MAIL.COM',
  online: true,
  __v: 0
} 
2024-05-14 08:09:58- [I] El usuario DAVID se ha desconectado 
2024-05-14 08:10:23- [I] 6641f54915cc113889f1c82bEstp es el id 
2024-05-14 08:10:23- [I] usuario encontrado 
2024-05-14 08:10:23- [I] El id es 6641f54915cc113889f1c82b los datos son 6641f54915cc113889f1c82b 
2024-05-14 08:10:23- [I] Definicion: DAVID 
2024-05-14 08:10:23- [I] {
  _id: new ObjectId('6641f54915cc113889f1c82b'),
  name: 'DAVID',
  password: 'U2FsdGVkX18eDtGYhCJY365uHv0iwiYe9ScAAHDidvg=',
  email: 'DAVID@MAIL.COM',
  online: false,
  __v: 0
} 
2024-05-14 08:17:49- [I] 6641f54915cc113889f1c82bEstp es el id 
2024-05-14 08:17:49- [I] usuario encontrado 
2024-05-14 08:17:49- [I] El id es 6641f54915cc113889f1c82b los datos son 6641f54915cc113889f1c82b 
2024-05-14 08:17:49- [I] Definicion: DAVID 
2024-05-14 08:17:49- [I] {
  _id: new ObjectId('6641f54915cc113889f1c82b'),
  name: 'DAVID',
  password: 'U2FsdGVkX18eDtGYhCJY365uHv0iwiYe9ScAAHDidvg=',
  email: 'DAVID@MAIL.COM',
  online: false,
  __v: 0
} 
2024-05-14 08:24:26- [I] 6641f54915cc113889f1c82bEstp es el id 
2024-05-14 08:24:26- [I] usuario encontrado 
2024-05-14 08:24:26- [I] El id es 6641f54915cc113889f1c82b los datos son 6641f54915cc113889f1c82b 
2024-05-14 08:24:26- [I] Definicion: DAVID 
2024-05-14 08:24:26- [I] {
  _id: new ObjectId('6641f54915cc113889f1c82b'),
  name: 'DAVID',
  password: 'U2FsdGVkX18eDtGYhCJY365uHv0iwiYe9ScAAHDidvg=',
  email: 'DAVID@MAIL.COM',
  online: false,
  __v: 0
} 
2024-05-14 08:24:39- [I] 6641f54915cc113889f1c82bEstp es el id 
2024-05-14 08:24:39- [I] usuario encontrado 
2024-05-14 08:24:39- [I] El id es 6641f54915cc113889f1c82b los datos son 6641f54915cc113889f1c82b 
2024-05-14 08:24:39- [I] Definicion: DAVID 
2024-05-14 08:24:39- [I] {
  _id: new ObjectId('6641f54915cc113889f1c82b'),
  name: 'DAVID',
  password: 'U2FsdGVkX18eDtGYhCJY365uHv0iwiYe9ScAAHDidvg=',
  email: 'DAVID@MAIL.COM',
  online: false,
  __v: 0
} 
2024-05-14 08:25:23- [I] 6641f54915cc113889f1c82bEstp es el id 
2024-05-14 08:25:23- [I] usuario encontrado 
2024-05-14 08:25:23- [I] El id es 6641f54915cc113889f1c82b los datos son 6641f54915cc113889f1c82b 
2024-05-14 08:25:23- [I] Definicion: DAVID 
2024-05-14 08:25:23- [I] {
  _id: new ObjectId('6641f54915cc113889f1c82b'),
  name: 'DAVID',
  password: 'U2FsdGVkX18eDtGYhCJY365uHv0iwiYe9ScAAHDidvg=',
  email: 'DAVID@MAIL.COM',
  online: false,
  __v: 0
} 
2024-05-14 11:08:32- [I] {
  name: 'SARA',
  password: 'U2FsdGVkX18spfAQO+xkqhNrYqHkCIT+9ogVPNmZDEQ=',
  email: 'SARA@MAIL.COM',
  online: false,
  _id: new ObjectId('66432a10029c6bc28124f94e')
} 
2024-05-14 11:08:58- [I] {
  name: 'MARIA',
  password: 'U2FsdGVkX1/Oz+SF7N+omYPQiKL3f5lxi8L7xhTdqiU=',
  email: 'MARIA@MAIL.COM',
  online: false,
  _id: new ObjectId('66432a2a029c6bc28124f954')
} 
2024-05-14 11:23:19- [I] {
  name: 'ARANCHA',
  password: 'U2FsdGVkX18uYFZJnpthpEH10vG3z2YcWlldiX3V2Eo=',
  email: 'ARANCHA@MAIL.COM',
  online: false,
  _id: new ObjectId('66432d87029c6bc28124f95d')
} 
2024-05-14 13:21:47- [I] 6641f54915cc113889f1c82bEstp es el id 
2024-05-14 13:21:47- [I] usuario encontrado 
2024-05-14 13:21:47- [I] El id es 6641f54915cc113889f1c82b los datos son 6641f54915cc113889f1c82b 
2024-05-14 13:21:47- [I] Definicion: DAVID 
2024-05-14 13:21:47- [I] {
  _id: new ObjectId('6641f54915cc113889f1c82b'),
  name: 'DAVID',
  password: 'U2FsdGVkX18eDtGYhCJY365uHv0iwiYe9ScAAHDidvg=',
  email: 'DAVID@MAIL.COM',
  online: false,
  __v: 0
} 
2024-05-14 13:23:35- [I] 6641f54915cc113889f1c82bEstp es el id 
2024-05-14 13:23:35- [I] usuario encontrado 
2024-05-14 13:23:35- [I] El id es 6641f54915cc113889f1c82b los datos son 6641f54915cc113889f1c82b 
2024-05-14 13:23:35- [I] Definicion: DEIVID 
2024-05-14 13:23:35- [I] {
  _id: new ObjectId('6641f54915cc113889f1c82b'),
  name: 'DEIVID',
  password: 'U2FsdGVkX1/UMmVy+/aNQaKpPz4fB8bBkiPXrRnCyy8=',
  email: 'DAVID@MAIL.COM',
  online: false,
  __v: 0
} 
2024-05-14 13:34:45- [I] U2FsdGVkX18B031drfHaK1pOzaP0jD28JzOtp946Fl8= -  1234
2024-05-14 13:34:45- [I] 6641f54915cc113889f1c82bEstp es el id 
2024-05-14 13:34:45- [I] usuario encontrado 
2024-05-14 13:34:45- [I] El id es 6641f54915cc113889f1c82b los datos son 6641f54915cc113889f1c82b 
2024-05-14 13:34:45- [I] Definicion: DAVID 
2024-05-14 13:34:45- [I] {
  _id: new ObjectId('6641f54915cc113889f1c82b'),
  name: 'DAVID',
  password: 'U2FsdGVkX18B031drfHaK1pOzaP0jD28JzOtp946Fl8=',
  email: 'DAVID@MAIL.COM',
  online: false,
  __v: 0
} 
2024-05-14 13:34:45- [I] El usuario DAVID se ha conectado 
2024-05-14 13:34:47- [I] 6641f54915cc113889f1c82bEstp es el id 
2024-05-14 13:34:47- [I] usuario encontrado 
2024-05-14 13:34:47- [I] El id es 6641f54915cc113889f1c82b los datos son 6641f54915cc113889f1c82b 
2024-05-14 13:34:47- [I] Definicion: DAVID 
2024-05-14 13:34:47- [I] {
  _id: new ObjectId('6641f54915cc113889f1c82b'),
  name: 'DAVID',
  password: 'U2FsdGVkX18B031drfHaK1pOzaP0jD28JzOtp946Fl8=',
  email: 'DAVID@MAIL.COM',
  online: true,
  __v: 0
} 
2024-05-14 13:34:47- [I] El usuario DAVID se ha desconectado 
