2024-05-06 08:09:00- [I] 66348271a65a30886dbb4a29 {"name":"Robertus","password":"1234","email":"Robertus@MAIL.COM"}
2024-05-06 08:09:37- [I] 66348271a65a30886dbb4a29 {"name":"Robertus","password":"1234","email":"Robertus@MAIL.COM"}
2024-05-06 08:09:51- [I] 66348271a65a30886dbb4a29 {"name":"Robertus","password":"1234","email":"Robertus@MAIL.COM"}
2024-05-06 08:10:17- [I] 66348271a65a30886dbb4a29 {"name":"Robertus","password":"1234","email":"Robertus@MAIL.COM"}
2024-05-06 08:10:51- [I] 66348271a65a30886dbb4a29 {"name":"Robertus","password":"1234","email":"Robertus@MAIL.COM"}
2024-05-06 08:12:06- [I] 66348271a65a30886dbb4a29 {"name":"Robertus","password":"1234","email":"Robertus@MAIL.COM"}
2024-05-06 08:12:06- [I] Mi suusario: null 
2024-05-06 08:12:26- [I] Estoy entrando: 
2024-05-06 08:12:47- [I] 66333a9d270c87dd7ecbaea0 {"name":"Robertus","password":"1234","email":"Robertus@MAIL.COM"}
2024-05-06 08:12:47- [I] Mi suusario: null 
2024-05-06 08:12:50- [I] 66333a9d270c87dd7ecbaea0 {"name":"Robertus","password":"1234","email":"Robertus@MAIL.COM"}
2024-05-06 08:12:50- [I] Mi suusario: null 
2024-05-06 08:15:23- [I] 66333a9d270c87dd7ecbaea0 {"name":"Robertus","password":"1234","email":"Robertus@MAIL.COM"}
2024-05-06 08:15:23- [I] Mi ususario: null 
2024-05-06 08:16:24- [I] Estoy entrando: 
2024-05-06 08:16:39- [I] 66348271a65a30886dbb4a29 {"name":"Robertus","password":"1234","email":"Robertus@MAIL.COM"}
2024-05-06 08:16:39- [I] Mi ususario: null 
2024-05-06 08:16:47- [I] Estoy entrando: 
2024-05-06 08:17:23- [I] 66348271a65a30886dbb4a29 {"name":"Robertus","password":"1234","email":"Robertus@MAIL.COM"}
2024-05-06 08:17:23- [I] Mi ususario: {
  _id: new ObjectId('66333a9d270c87dd7ecbaea0'),
  name: 'ROBERTUS',
  password: '1234',
  email: 'ROBERTUS@MAIL.COM',
  online: false,
  __v: 0
} 
2024-05-06 08:17:51- [I] 66348271a65a30886dbb4a29 {"name":"Robertus","password":"1234","email":"Robertus@MAIL.COM"}
2024-05-06 08:17:51- [I] Mi ususario: {
  _id: new ObjectId('66333a9d270c87dd7ecbaea0'),
  name: 'ROBERTUS',
  password: '1234',
  email: 'ROBERTUS@MAIL.COM',
  online: false,
  __v: 0
} 
2024-05-06 08:17:51- [I] Por fin 
2024-05-06 08:29:16- [I] 66333a9d270c87dd7ecbaea0 {"name":"Robertus","password":"1234","email":"Robertus@MAIL.COM"}
2024-05-06 08:29:16- [I] Modificando usuario 
2024-05-06 08:29:35- [I] 66333a9d270c87dd7ecbaea0 {"name":"FER","password":"1234","email":"Robertus@MAIL.COM"}
2024-05-06 08:29:35- [I] Modificando usuario 
2024-05-06 08:30:18- [I] 66333a9d270c87dd7ecbaea0 {"name":"FEderico","password":"1234","email":"federico@MAIL.COM"}
2024-05-06 08:31:09- [I] 66333a9d270c87dd7ecbaea0 {"name":"FEderico","password":"1234","email":"federico@MAIL.COM"}
2024-05-06 08:32:04- [I] 66348271a65a30886dbb4a29 {"name":"FEderico","password":"1234","email":"federico@MAIL.COM"}
2024-05-06 08:32:06- [I] 66348271a65a30886dbb4a29 {"name":"FEderico","password":"1234","email":"federico@MAIL.COM"}
2024-05-06 08:32:52- [I] 66333a9d270c87dd7ecbaea0 {"name":"ROBERTUS","password":"1234","email":"ROBERTUS@MAIL.COM"}
2024-05-06 08:32:52- [I] Modificando usuario 
2024-05-06 08:33:48- [I] 66348271a65a30886dbb4a29 {"name":"FER","password":"1234","email":"FER@MAIL.COM"}
2024-05-06 08:33:49- [I] Modificando usuario 
2024-05-06 08:34:33- [I] 66348271a65a30886dbb4a29 {"name":"FER","password":"1234","email":"FER@MAIL.COM"}
2024-05-06 08:34:34- [I] {
  _id: new ObjectId('66333a9d270c87dd7ecbaea0'),
  name: 'ROBERTUS',
  password: '1234',
  email: 'ROBERTUS@MAIL.COM',
  online: false,
  __v: 0
} 
2024-05-06 08:34:34- [I] Modificando usuario 
2024-05-06 08:35:33- [I] 66348271a65a30886dbb4a29 {"name":"FER","password":"1234","email":"FER@MAIL.COM"}
2024-05-06 08:35:33- [I] null 
2024-05-06 08:35:56- [I] 66348271a65a30886dbb4a29 {"name":"FER","password":"1234","email":"FER@MAIL.COM"}
2024-05-06 08:35:56- [I] {
  _id: new ObjectId('66333a9d270c87dd7ecbaea0'),
  name: 'ROBERTUS',
  password: '1234',
  email: 'ROBERTUS@MAIL.COM',
  online: false,
  __v: 0
} 
2024-05-06 08:35:56- [I] Modificando usuario 
2024-05-06 08:37:54- [I] 66348271a65a30886dbb4a29 {"name":"FER","password":"1234","email":"FER@MAIL.COM"}
2024-05-06 08:37:54- [I] null 
2024-05-06 08:38:28- [I] 66333a9d270c87dd7ecbaea0 {"name":"ROBERTUS","password":"1234","email":"ROBERTUS@MAIL.COM"}
2024-05-06 08:38:28- [I] null 
2024-05-06 08:39:08- [I] 66333a9d270c87dd7ecbaea0 {"name":"ROBERTUS","password":"1234","email":"ROBERTUS@MAIL.COM"}
2024-05-06 08:39:08- [I] null 
2024-05-06 08:39:23- [I] 66333a9d270c87dd7ecbaea0 {"name":"ROBERTUS","password":"1234","email":"ROBERTUS@MAIL.COM"}
2024-05-06 08:39:23- [I] {
  _id: new ObjectId('66333a9d270c87dd7ecbaea0'),
  name: 'ROBERTUS',
  password: '1234',
  email: 'ROBERTUS@MAIL.COM',
  online: false,
  __v: 0
} 
2024-05-06 08:39:23- [I] Modificando usuario 
2024-05-06 08:39:41- [I] 66348271a65a30886dbb4a29 {"name":"ROBERTUS","password":"1234","email":"ROBERTUS@MAIL.COM"}
2024-05-06 08:39:41- [I] {
  _id: new ObjectId('66333a9d270c87dd7ecbaea0'),
  name: 'ROBERTUS',
  password: '1234',
  email: 'ROBERTUS@MAIL.COM',
  online: false,
  __v: 0
} 
2024-05-06 08:39:41- [I] Modificando usuario 
2024-05-06 08:40:11- [I] 66348271a65a30886dbb4a29 {"name":"FER","password":"1234","email":"FER@MAIL.COM"}
2024-05-06 08:40:11- [I] {
  _id: new ObjectId('66333a9d270c87dd7ecbaea0'),
  name: 'ROBERTUS',
  password: '1234',
  email: 'ROBERTUS@MAIL.COM',
  online: false,
  __v: 0
} 
2024-05-06 08:40:11- [I] Modificando usuario 
2024-05-06 08:46:51- [I] 66348271a65a30886dbb4a29 {"name":"FER","password":"1234","email":"FER@MAIL.COM"}
2024-05-06 08:46:51- [I] {
  _id: new ObjectId('66333a9d270c87dd7ecbaea0'),
  name: 'ROBERTUS',
  password: '1234',
  email: 'ROBERTUS@MAIL.COM',
  online: false,
  __v: 0
} 
2024-05-06 08:46:51- [I] Modificando usuario 
2024-05-06 08:50:38- [I] 66348271a65a30886dbb4a29 {"name":"FER","password":"1234","email":"FER@MAIL.COM"}
2024-05-06 08:50:38- [I] {
  _id: new ObjectId('66333a9d270c87dd7ecbaea0'),
  name: 'ROBERTUS',
  password: '1234',
  email: 'ROBERTUS@MAIL.COM',
  online: false,
  __v: 0
} 
2024-05-06 08:50:38- [I] Modificando usuario 
2024-05-06 08:51:23- [I] 66333a9d270c87dd7ecbaea0 {"name":"ROBERTUS","password":"1234","email":"ROBERTUS@MAIL.COM"}
2024-05-06 08:51:23- [I] {
  _id: new ObjectId('66333a9d270c87dd7ecbaea0'),
  name: 'ROBERTUS',
  password: '1234',
  email: 'ROBERTUS@MAIL.COM',
  online: false,
  __v: 0
} 
2024-05-06 08:51:23- [I] Modificando usuario 
2024-05-06 08:52:13- [I] 66333a9d270c87dd7ecbaea0 {"name":"ROBERTUS","password":"1234","email":"ROBERTUS@MAIL.COM"}
2024-05-06 08:52:13- [I] undefined 
2024-05-06 08:52:13- [I] {
  _id: new ObjectId('66333a9d270c87dd7ecbaea0'),
  name: 'ROBERTUS',
  password: '1234',
  email: 'ROBERTUS@MAIL.COM',
  online: false,
  __v: 0
} 
2024-05-06 08:52:13- [I] Modificando usuario 
2024-05-06 08:54:04- [I] 66333a9d270c87dd7ecbaea0 {"name":"ROBERTUS","password":"1234","email":"ROBERTUS@MAIL.COM"}
2024-05-06 08:54:04- [I] 66333a9d270c87dd7ecbaea0 
2024-05-06 08:54:04- [I] null 
2024-05-06 08:54:24- [I] 66333a9d270c87dd7ecbaea0 {"name":"ROBERTUS","password":"1234","email":"ROBERTUS@MAIL.COM"}
2024-05-06 08:54:24- [I] 66333a9d270c87dd7ecbaea0 
2024-05-06 08:54:24- [I] null 
2024-05-06 08:54:58- [I] 66333a9d270c87dd7ecbaea0 {"name":"ROBERTUS","password":"1234","email":"ROBERTUS@MAIL.COM"}
2024-05-06 08:54:58- [I] 66333a9d270c87dd7ecbaea0 
2024-05-06 08:54:58- [I] {
  _id: new ObjectId('66333a9d270c87dd7ecbaea0'),
  name: 'ROBERTUS',
  password: '1234',
  email: 'ROBERTUS@MAIL.COM',
  online: false,
  __v: 0
} 
2024-05-06 08:54:58- [I] Modificando usuario 
2024-05-06 08:55:19- [I] 66348271a65a30886dbb4a29 {"name":"ROBERTUS","password":"1234","email":"ROBERTUS@MAIL.COM"}
2024-05-06 08:55:19- [I] 66348271a65a30886dbb4a29 
2024-05-06 08:55:19- [I] {
  _id: new ObjectId('66348271a65a30886dbb4a29'),
  name: 'FER',
  password: '1234',
  email: 'FER@MAIL.COM',
  online: false,
  __v: 0
} 
2024-05-06 08:55:19- [I] Modificando usuario 
2024-05-06 08:55:58- [I] 66348271a65a30886dbb4a29 {"name":"ROBERTUS","password":"1234","email":"ROBERTUS@MAIL.COM"}
2024-05-06 08:55:58- [I] 66348271a65a30886dbb4a29 
2024-05-06 08:55:58- [I] {
  _id: new ObjectId('66348271a65a30886dbb4a29'),
  name: 'FER',
  password: '1234',
  email: 'FER@MAIL.COM',
  online: false,
  __v: 0
} 
2024-05-06 08:55:58- [I] undefined 
2024-05-06 08:55:59- [I] Modificando usuario 
2024-05-06 08:56:11- [I] 66348271a65a30886dbb4a29 {"name":"ROBERTUS","password":"1234","email":"ROBERTUS@MAIL.COM"}
2024-05-06 08:56:11- [I] 66348271a65a30886dbb4a29 
2024-05-06 08:56:12- [I] {
  _id: new ObjectId('66348271a65a30886dbb4a29'),
  name: 'FER',
  password: '1234',
  email: 'FER@MAIL.COM',
  online: false,
  __v: 0
} 
2024-05-06 08:56:12- [I] 66348271a65a30886dbb4a29 
2024-05-06 08:56:12- [I] Modificando usuario 
2024-05-06 08:56:38- [I] 66348271a65a30886dbb4a29 {"name":"ROBERTUS","password":"1234","email":"ROBERTUS@MAIL.COM"}
2024-05-06 08:56:38- [I] 66348271a65a30886dbb4a29 
2024-05-06 08:56:38- [I] {
  _id: new ObjectId('66348271a65a30886dbb4a29'),
  name: 'FER',
  password: '1234',
  email: 'FER@MAIL.COM',
  online: false,
  __v: 0
} 
2024-05-06 08:56:38- [I] 66348271a65a30886dbb4a29 
2024-05-06 08:56:53- [I] 66348271a65a30886dbb4a29 {"name":"ROBERTo","password":"1234","email":"ROBERTUS@MAIL.COM"}
2024-05-06 08:56:53- [I] 66348271a65a30886dbb4a29 
2024-05-06 08:56:53- [I] {
  _id: new ObjectId('66348271a65a30886dbb4a29'),
  name: 'FER',
  password: '1234',
  email: 'FER@MAIL.COM',
  online: false,
  __v: 0
} 
2024-05-06 08:56:53- [I] 66348271a65a30886dbb4a29 
2024-05-06 08:57:32- [I] 66348271a65a30886dbb4a29 {"name":"ROBERTus","password":"1234","email":"ROBERTUS@MAIL.COM"}
2024-05-06 08:57:32- [I] 66348271a65a30886dbb4a29 
2024-05-06 08:57:32- [I] {
  _id: new ObjectId('66348271a65a30886dbb4a29'),
  name: 'FER',
  password: '1234',
  email: 'FER@MAIL.COM',
  online: false,
  __v: 0
} 
2024-05-06 08:57:32- [I] 66348271a65a30886dbb4a29 
2024-05-06 08:59:14- [I] 66348271a65a30886dbb4a29 {"name":"ROBERT","password":"1234","email":"ROBERTUS@MAIL.COM"}
2024-05-06 08:59:14- [I] 66348271a65a30886dbb4a29 
2024-05-06 08:59:14- [I] {
  _id: new ObjectId('66348271a65a30886dbb4a29'),
  name: 'FER',
  password: '1234',
  email: 'FER@MAIL.COM',
  online: false,
  __v: 0
} 
2024-05-06 08:59:14- [I] 66348271a65a30886dbb4a29 
2024-05-06 08:59:36- [I] 66348271a65a30886dbb4a29 {"name":"ROBERT","password":"1234","email":"ROBERT@MAIL.COM"}
2024-05-06 08:59:36- [I] 66348271a65a30886dbb4a29 
2024-05-06 08:59:36- [I] {
  _id: new ObjectId('66348271a65a30886dbb4a29'),
  name: 'FER',
  password: '1234',
  email: 'FER@MAIL.COM',
  online: false,
  __v: 0
} 
2024-05-06 08:59:36- [I] 66348271a65a30886dbb4a29 
2024-05-06 09:00:38- [I] 66348271a65a30886dbb4a29 {"name":"ROBERTUS","password":"1234","email":"ROBERT@MAIL.COM"}
2024-05-06 09:00:38- [I] 66348271a65a30886dbb4a29 
2024-05-06 09:00:38- [I] {
  _id: new ObjectId('66348271a65a30886dbb4a29'),
  name: 'FER',
  password: '1234',
  email: 'FER@MAIL.COM',
  online: false,
  __v: 0
} 
2024-05-06 09:00:38- [I] 66348271a65a30886dbb4a29 
2024-05-06 09:01:02- [I] 66348271a65a30886dbb4a29 {"name":"ROBERTUS","password":"1234","email":"ROBERT@MAIL.COM"}
2024-05-06 09:01:02- [I] 66348271a65a30886dbb4a29 
2024-05-06 09:01:02- [I] {
  _id: new ObjectId('66348271a65a30886dbb4a29'),
  name: 'FER',
  password: '1234',
  email: 'FER@MAIL.COM',
  online: false,
  __v: 0
} 
2024-05-06 09:01:02- [I] 66348271a65a30886dbb4a29 
2024-05-06 09:01:35- [I] 66333a9d270c87dd7ecbaea0 {"name":"ROBERTUS","password":"1234","email":"ROBERT@MAIL.COM"}
2024-05-06 09:01:35- [I] 66333a9d270c87dd7ecbaea0 
2024-05-06 09:01:35- [I] {
  _id: new ObjectId('66333a9d270c87dd7ecbaea0'),
  name: 'ROBERTUS',
  password: '1234',
  email: 'ROBERTUS@MAIL.COM',
  online: false,
  __v: 0
} 
2024-05-06 09:01:35- [I] 66333a9d270c87dd7ecbaea0 
2024-05-06 09:01:37- [I] 66333a9d270c87dd7ecbaea0 {"name":"ROBERTUS","password":"1234","email":"ROBERT@MAIL.COM"}
2024-05-06 09:01:37- [I] 66333a9d270c87dd7ecbaea0 
2024-05-06 09:01:37- [I] {
  _id: new ObjectId('66333a9d270c87dd7ecbaea0'),
  name: 'ROBERTUS',
  password: '1234',
  email: 'ROBERTUS@MAIL.COM',
  online: false,
  __v: 0
} 
2024-05-06 09:01:37- [I] 66333a9d270c87dd7ecbaea0 
2024-05-06 09:06:18- [I] 66333a9d270c87dd7ecbaea0 {"name":"ROBERTUS","password":"1234","email":"ROBERT@MAIL.COM"}
2024-05-06 09:06:18- [I] 66333a9d270c87dd7ecbaea0 
2024-05-06 09:06:18- [I] {
  _id: new ObjectId('66333a9d270c87dd7ecbaea0'),
  name: 'ROBERTUS',
  password: '1234',
  email: 'ROBERTUS@MAIL.COM',
  online: false,
  __v: 0
} 
2024-05-06 09:06:18- [I] 66333a9d270c87dd7ecbaea0 
2024-05-06 09:07:41- [I] 66333a9d270c87dd7ecbaea0 {"name":"ROBERTUS","password":"1234","email":"ROBERT@MAIL.COM"}
2024-05-06 09:07:41- [I] 66333a9d270c87dd7ecbaea0 
2024-05-06 09:07:41- [I] {
  _id: new ObjectId('66333a9d270c87dd7ecbaea0'),
  name: 'ROBERTUS',
  password: '1234',
  email: 'ROBERTUS@MAIL.COM',
  online: false,
  __v: 0
} 
2024-05-06 09:07:41- [I] 66333a9d270c87dd7ecbaea0 
2024-05-06 09:07:41- [I] true "66333a9d270c87dd7ecbaea0"
2024-05-06 09:08:15- [I] 66333a9d270c87dd7ecbaea0 {"name":"ROBERTUS","password":"1234","email":"ROBERT@MAIL.COM"}
2024-05-06 09:08:15- [I] 66333a9d270c87dd7ecbaea0 
2024-05-06 09:08:15- [I] {
  _id: new ObjectId('66333a9d270c87dd7ecbaea0'),
  name: 'ROBERTUS',
  password: '1234',
  email: 'ROBERTUS@MAIL.COM',
  online: false,
  __v: 0
} 
2024-05-06 09:08:15- [I] 66333a9d270c87dd7ecbaea0 
2024-05-06 09:08:15- [I] Facil true "66333a9d270c87dd7ecbaea0"
2024-05-06 09:09:01- [I] 66333a9d270c87dd7ecbaea0 {"name":"ROBERTUS","password":"1234","email":"ROBERT@MAIL.COM"}
2024-05-06 09:09:01- [I] 66333a9d270c87dd7ecbaea0 
2024-05-06 09:09:02- [I] {
  _id: new ObjectId('66333a9d270c87dd7ecbaea0'),
  name: 'ROBERTUS',
  password: '1234',
  email: 'ROBERTUS@MAIL.COM',
  online: false,
  __v: 0
} 
2024-05-06 09:09:02- [I] 66333a9d270c87dd7ecbaea0 
2024-05-06 09:09:02- [I] Facil true "66333a9d270c87dd7ecbaea0"
2024-05-06 09:09:56- [I] 66333a9d270c87dd7ecbaea0 {"name":"ROBERTUS","password":"1234","email":"ROBERT@MAIL.COM"}
2024-05-06 09:09:56- [I] 66333a9d270c87dd7ecbaea0 
2024-05-06 09:09:57- [I] {
  _id: new ObjectId('66333a9d270c87dd7ecbaea0'),
  name: 'ROBERTUS',
  password: '1234',
  email: 'ROBERTUS@MAIL.COM',
  online: false,
  __v: 0
} 
2024-05-06 09:09:57- [I] 66333a9d270c87dd7ecbaea0 
2024-05-06 09:09:57- [I] Facil true "66333a9d270c87dd7ecbaea0"
2024-05-06 09:12:26- [I] 66333a9d270c87dd7ecbaea0 {"name":"ROBERTUS","password":"1234","email":"ROBERT@MAIL.COM"}
2024-05-06 09:12:26- [I] 66333a9d270c87dd7ecbaea0 
2024-05-06 09:12:26- [I] {
  _id: new ObjectId('66333a9d270c87dd7ecbaea0'),
  name: 'ROBERTUS',
  password: '1234',
  email: 'ROBERTUS@MAIL.COM',
  online: false,
  __v: 0
} 
2024-05-06 09:12:26- [I] 66333a9d270c87dd7ecbaea0 
2024-05-06 09:12:26- [I] Facil true "66333a9d270c87dd7ecbaea0"
2024-05-06 09:13:17- [I] 66333a9d270c87dd7ecbaea0 {"name":"ROBERTUS","password":"1234","email":"ROBERT@MAIL.COM"}
2024-05-06 09:13:17- [I] 66333a9d270c87dd7ecbaea0 
2024-05-06 09:13:17- [I] {
  _id: new ObjectId('66333a9d270c87dd7ecbaea0'),
  name: 'ROBERTUS',
  password: '1234',
  email: 'ROBERTUS@MAIL.COM',
  online: false,
  __v: 0
} 
2024-05-06 09:13:17- [I] 66333a9d270c87dd7ecbaea0 
2024-05-06 09:13:17- [I] Facil true "66333a9d270c87dd7ecbaea0"
2024-05-06 09:13:33- [I] 66333a9d270c87dd7ecbaea0 {"name":"ROBERTUS","password":"1234","email":"ROBERT@MAIL.COM"}
2024-05-06 09:13:33- [I] 66333a9d270c87dd7ecbaea0 
2024-05-06 09:13:33- [I] {
  _id: new ObjectId('66333a9d270c87dd7ecbaea0'),
  name: 'ROBERTUS',
  password: '1234',
  email: 'ROBERTUS@MAIL.COM',
  online: false,
  __v: 0
} 
2024-05-06 09:13:33- [I] 66333a9d270c87dd7ecbaea0 
2024-05-06 09:13:33- [I] Facil true66333a9d270c87dd7ecbaea0userExistName 
2024-05-06 09:13:54- [I] 66333a9d270c87dd7ecbaea0 {"name":"ROBERTUS","password":"1234","email":"ROBERT@MAIL.COM"}
2024-05-06 09:13:54- [I] 66333a9d270c87dd7ecbaea0 
2024-05-06 09:13:54- [I] {
  _id: new ObjectId('66333a9d270c87dd7ecbaea0'),
  name: 'ROBERTUS',
  password: '1234',
  email: 'ROBERTUS@MAIL.COM',
  online: false,
  __v: 0
} 
2024-05-06 09:13:54- [I] 66333a9d270c87dd7ecbaea0 
2024-05-06 09:13:54- [I] Facil true66333a9d270c87dd7ecbaea0{
  _id: new ObjectId('66333a9d270c87dd7ecbaea0'),
  name: 'ROBERTUS',
  password: '1234',
  email: 'ROBERTUS@MAIL.COM',
  online: false,
  __v: 0
} 
2024-05-06 09:15:33- [I] 66333a9d270c87dd7ecbaea0 {"name":"ROBERTUS","password":"1234","email":"ROBERT@MAIL.COM"}
2024-05-06 09:15:33- [I] 66333a9d270c87dd7ecbaea0 
2024-05-06 09:15:33- [I] {
  _id: new ObjectId('66333a9d270c87dd7ecbaea0'),
  name: 'ROBERTUS',
  password: '1234',
  email: 'ROBERTUS@MAIL.COM',
  online: false,
  __v: 0
} 
2024-05-06 09:15:33- [I] 66333a9d270c87dd7ecbaea0 
2024-05-06 09:15:33- [I] Facil true66333a9d270c87dd7ecbaea066333a9d270c87dd7ecbaea0 
2024-05-06 09:16:08- [I] 66333a9d270c87dd7ecbaea0 {"name":"ROBERTUS","password":"1234","email":"ROBERT@MAIL.COM"}
2024-05-06 09:16:08- [I] 66333a9d270c87dd7ecbaea0 
2024-05-06 09:16:08- [I] {
  _id: new ObjectId('66333a9d270c87dd7ecbaea0'),
  name: 'ROBERTUS',
  password: '1234',
  email: 'ROBERTUS@MAIL.COM',
  online: false,
  __v: 0
} 
2024-05-06 09:16:08- [I] 66333a9d270c87dd7ecbaea0 
2024-05-06 09:16:08- [I] Facil true         66333a9d270c87dd7ecbaea0  66333a9d270c87dd7ecbaea0 
2024-05-06 09:16:52- [I] 66333a9d270c87dd7ecbaea0 {"name":"ROBERTUS","password":"1234","email":"ROBERT@MAIL.COM"}
2024-05-06 09:16:52- [I] 66333a9d270c87dd7ecbaea0 
2024-05-06 09:16:52- [I] {
  _id: new ObjectId('66333a9d270c87dd7ecbaea0'),
  name: 'ROBERTUS',
  password: '1234',
  email: 'ROBERTUS@MAIL.COM',
  online: false,
  __v: 0
} 
2024-05-06 09:16:52- [I] 66333a9d270c87dd7ecbaea0 
2024-05-06 09:16:52- [I] Son distintos? true   66333a9d270c87dd7ecbaea0  66333a9d270c87dd7ecbaea0 
2024-05-06 09:17:56- [I] 66333a9d270c87dd7ecbaea0 {"name":"ROBERTUS","password":"1234","email":"ROBERT@MAIL.COM"}
2024-05-06 09:17:56- [I] 66333a9d270c87dd7ecbaea0 
2024-05-06 09:17:56- [I] {
  _id: new ObjectId('66333a9d270c87dd7ecbaea0'),
  name: 'ROBERTUS',
  password: '1234',
  email: 'ROBERTUS@MAIL.COM',
  online: false,
  __v: 0
} 
2024-05-06 09:17:56- [I] 66333a9d270c87dd7ecbaea0 
2024-05-06 09:19:03- [I] 66333a9d270c87dd7ecbaea0 {"name":"ROBERTUS","password":"1234","email":"ROBERT@MAIL.COM"}
2024-05-06 09:19:03- [I] 66333a9d270c87dd7ecbaea0 
2024-05-06 09:19:03- [I] {
  _id: new ObjectId('66333a9d270c87dd7ecbaea0'),
  name: 'ROBERTUS',
  password: '1234',
  email: 'ROBERTUS@MAIL.COM',
  online: false,
  __v: 0
} 
2024-05-06 09:19:03- [I] 66333a9d270c87dd7ecbaea0 
2024-05-06 09:19:20- [I] 66333a9d270c87dd7ecbaea0 {"name":"ROBERTUS","password":"1234","email":"ROBERTUS@MAIL.COM"}
2024-05-06 09:19:20- [I] 66333a9d270c87dd7ecbaea0 
2024-05-06 09:19:20- [I] {
  _id: new ObjectId('66333a9d270c87dd7ecbaea0'),
  name: 'ROBERTUS',
  password: '1234',
  email: 'ROBERTUS@MAIL.COM',
  online: false,
  __v: 0
} 
2024-05-06 09:19:20- [I] 66333a9d270c87dd7ecbaea0 
2024-05-06 09:19:20- [I] Modificando usuario 
2024-05-06 09:20:29- [I] 66333a9d270c87dd7ecbaea0 {"name":"ROBERTUS","password":"1234","email":"ROBERTUS@MAIL.COM"}
2024-05-06 09:20:29- [I] 66333a9d270c87dd7ecbaea0 
2024-05-06 09:20:30- [I] {
  _id: new ObjectId('66333a9d270c87dd7ecbaea0'),
  name: 'ROBERTUS',
  password: '1234',
  email: 'ROBERTUS@MAIL.COM',
  online: false,
  __v: 0
} 
2024-05-06 09:20:30- [I] 66333a9d270c87dd7ecbaea0 
2024-05-06 09:20:30- [I] Modificando usuario 
2024-05-06 09:27:56- [I] 66333a9d270c87dd7ecbaea0 {"name":"ROBERT","password":"1234","email":"ROBERT@MAIL.COM"}
2024-05-06 09:27:56- [I] 66333a9d270c87dd7ecbaea0 
2024-05-06 09:27:56- [I] {
  _id: new ObjectId('66333a9d270c87dd7ecbaea0'),
  name: 'ROBERTUS',
  password: '1234',
  email: 'ROBERTUS@MAIL.COM',
  online: false,
  __v: 0
} 
2024-05-06 09:27:56- [I] 66333a9d270c87dd7ecbaea0 
2024-05-06 09:27:56- [I] Modificando usuario 
2024-05-06 09:28:42- [I] 66333a9d270c87dd7ecbaea0 {"name":"ROBERT","password":"1234","email":"ROBERT@MAIL.COM"}
2024-05-06 09:28:42- [I] 66333a9d270c87dd7ecbaea0 
2024-05-06 09:28:42- [I] {
  _id: new ObjectId('66333a9d270c87dd7ecbaea0'),
  name: 'ROBERTUS',
  password: '1234',
  email: 'ROBERTUS@MAIL.COM',
  online: false,
  __v: 0
} 
2024-05-06 09:28:42- [I] 66333a9d270c87dd7ecbaea0 
2024-05-06 09:28:42- [I] Modificando usuario 
2024-05-06 09:29:19- [I] 66333a9d270c87dd7ecbaea0 {"name":"ROBERT","password":"1234","email":"ROBERT@MAIL.COM"}
2024-05-06 09:29:19- [I] 66333a9d270c87dd7ecbaea0 
2024-05-06 09:29:19- [I] {
  _id: new ObjectId('66333a9d270c87dd7ecbaea0'),
  name: 'ROBERT',
  password: '1234',
  email: 'ROBERT@MAIL.COM',
  online: false,
  __v: 0
} 
2024-05-06 09:29:19- [I] 66333a9d270c87dd7ecbaea0 
2024-05-06 09:29:19- [I] Modificando usuario 
2024-05-06 09:29:37- [I] 66333a9d270c87dd7ecbaea0 {"name":"FER","password":"1234","email":"ROBERT@MAIL.COM"}
2024-05-06 09:29:37- [I] 66333a9d270c87dd7ecbaea0 
2024-05-06 09:29:37- [I] {
  _id: new ObjectId('66333a9d270c87dd7ecbaea0'),
  name: 'ROBERT',
  password: '1234',
  email: 'ROBERT@MAIL.COM',
  online: false,
  __v: 0
} 
2024-05-06 09:29:37- [I] 66333a9d270c87dd7ecbaea0 
2024-05-06 09:29:50- [I] 66333a9d270c87dd7ecbaea0 {"name":"ROBERT","password":"1234","email":"FER@MAIL.COM"}
2024-05-06 09:29:50- [I] 66333a9d270c87dd7ecbaea0 
2024-05-06 09:29:50- [I] {
  _id: new ObjectId('66333a9d270c87dd7ecbaea0'),
  name: 'ROBERT',
  password: '1234',
  email: 'ROBERT@MAIL.COM',
  online: false,
  __v: 0
} 
2024-05-06 09:29:50- [I] 66333a9d270c87dd7ecbaea0 
2024-05-06 09:30:06- [I] 66348271a65a30886dbb4a29 {"name":"ROBERT","password":"1234","email":"FER@MAIL.COM"}
2024-05-06 09:30:06- [I] 66348271a65a30886dbb4a29 
2024-05-06 09:30:06- [I] {
  _id: new ObjectId('66348271a65a30886dbb4a29'),
  name: 'FER',
  password: '1234',
  email: 'FER@MAIL.COM',
  online: false,
  __v: 0
} 
2024-05-06 09:30:06- [I] 66348271a65a30886dbb4a29 
2024-05-06 09:30:23- [I] 66348271a65a30886dbb4a29 {"name":"FERNANDO","password":"1234","email":"FERNANDO@MAIL.COM"}
2024-05-06 09:30:23- [I] 66348271a65a30886dbb4a29 
2024-05-06 09:30:23- [I] {
  _id: new ObjectId('66348271a65a30886dbb4a29'),
  name: 'FER',
  password: '1234',
  email: 'FER@MAIL.COM',
  online: false,
  __v: 0
} 
2024-05-06 09:30:23- [I] 66348271a65a30886dbb4a29 
2024-05-06 09:30:23- [I] Modificando usuario 
2024-05-06 09:32:41- [I] 66348271a65a30886dbb4a29 {"name":"FERNANDO","password":"1234","email":"FERNANDO@MAIL.COM","online":true}
2024-05-06 09:32:41- [I] 66348271a65a30886dbb4a29 
2024-05-06 09:32:41- [I] {
  _id: new ObjectId('66348271a65a30886dbb4a29'),
  name: 'FERNANDO',
  password: '1234',
  email: 'FERNANDO@MAIL.COM',
  online: false,
  __v: 0
} 
2024-05-06 09:32:41- [I] 66348271a65a30886dbb4a29 
2024-05-06 09:32:41- [I] Modificando usuario 
2024-05-06 09:32:58- [I] 66348271a65a30886dbb4a29 {"name":"FERNANDO","password":"1234","email":"FERNANDO@MAIL.COM","online":false}
2024-05-06 09:32:58- [I] 66348271a65a30886dbb4a29 
2024-05-06 09:32:58- [I] {
  _id: new ObjectId('66348271a65a30886dbb4a29'),
  name: 'FERNANDO',
  password: '1234',
  email: 'FERNANDO@MAIL.COM',
  online: true,
  __v: 0
} 
2024-05-06 09:32:58- [I] 66348271a65a30886dbb4a29 
2024-05-06 09:32:58- [I] Modificando usuario 
2024-05-06 09:36:38- [I] Estoy entrando: 
2024-05-06 09:42:56- [I] Estoy entrando: 
2024-05-06 09:44:56- [I] Estoy entrando: 
2024-05-06 09:45:36- [I] undefined 
2024-05-06 09:45:37- [I] undefined 
2024-05-06 09:45:39- [I] undefined 
2024-05-06 09:46:20- [I] undefined 
2024-05-06 09:46:37- [I] Estoy entrando: 
2024-05-06 09:50:01- [I] Estoy entrando: 
2024-05-06 09:50:20- [I] Estoy entrando: 
2024-05-06 09:50:27- [I] undefined 
2024-05-06 09:50:41- [I] undefined 
2024-05-06 09:51:23- [I] Estoy entrando: 
2024-05-06 09:51:39- [I] Estoy entrando: 
2024-05-06 09:51:46- [I] undefined 
2024-05-06 09:54:57- [I] Estoy entrando: 
2024-05-06 09:55:18- [I] Estoy entrando: 
2024-05-06 09:55:23- [I] Estoy entrando: 
2024-05-06 09:55:31- [I] undefined 
2024-05-06 09:55:55- [I] Estoy entrando: 
2024-05-06 09:56:33- [I] Estoy entrando: 
2024-05-06 09:56:36- [I] undefined 
2024-05-06 09:57:11- [I] undefined 
2024-05-06 09:57:12- [I] undefined 
2024-05-06 09:57:12- [I] undefined 
2024-05-06 09:57:13- [I] undefined 
2024-05-06 09:59:34- [I] Estoy entrando: 
2024-05-06 09:59:38- [I] undefined 
2024-05-06 09:59:39- [I] undefined 
2024-05-06 09:59:39- [I] undefined 
2024-05-06 10:03:39- [I] Estoy entrando: 
2024-05-06 10:03:59- [I] undefined 
2024-05-06 10:05:14- [I] undefined 
2024-05-06 10:06:02- [I] Estoy entrando: 
2024-05-06 10:06:06- [I] undefined 
2024-05-06 10:08:59- [I] Estoy entrando: 
2024-05-06 10:09:06- [I] undefined 
2024-05-06 10:13:38- [I] Estoy entrando: 
2024-05-06 10:13:50- [I] 663483447542aae90769395f 
2024-05-06 10:15:17- [I] 663483027542aae907693956 
2024-05-06 10:15:17- [I] usuario encontrado 
2024-05-06 10:16:17- [I] Estoy entrando: 
2024-05-06 10:16:29- [I] 663483027542aae907693956 
2024-05-06 10:16:29- [I] usuario encontrado 
2024-05-06 10:16:42- [I] Estoy entrando: 
2024-05-06 10:17:22- [I] 663483447542aae90769395f 
2024-05-06 10:17:22- [I] usuario encontrado 
2024-05-06 10:17:22- [I] undefined 
2024-05-06 10:18:10- [I] 663483027542aae907693956 
2024-05-06 10:18:10- [I] usuario encontrado 
2024-05-06 10:18:11- [I] {
  _id: new ObjectId('663483027542aae907693956'),
  name: 'ARANCHA',
  password: '1234',
  email: 'ARANCHA@MAIL.COM',
  online: false,
  __v: 0
} 
2024-05-06 10:18:11- [I] undefined 
2024-05-06 10:20:56- [I] Estoy entrando: 
2024-05-06 10:21:00- [I] 663483027542aae907693956 
2024-05-06 10:21:00- [I] usuario encontrado 
2024-05-06 10:21:00- [I] {
  _id: new ObjectId('663483027542aae907693956'),
  name: 'ARANCHA',
  password: '1234',
  email: 'ARANCHA@MAIL.COM',
  online: false,
  __v: 0
} 
2024-05-06 10:21:00- [I] undefined 
2024-05-06 10:22:08- [I] Estoy entrando: 
2024-05-06 10:22:53- [I] 663483027542aae907693956 
2024-05-06 10:22:53- [I] usuario encontrado 
2024-05-06 10:22:53- [I] {
  _id: new ObjectId('663483027542aae907693956'),
  name: 'ARANCHA',
  password: '1234',
  email: 'ARANCHA@MAIL.COM',
  online: false,
  __v: 0
} 
2024-05-06 10:22:53- [I] undefined 
2024-05-06 10:25:08- [I] 663483027542aae907693956 
2024-05-06 10:25:09- [I] 663483027542aae907693956 
2024-05-06 10:25:10- [I] 663483027542aae907693956 
2024-05-06 10:26:13- [I] 663483027542aae907693956 
2024-05-06 10:26:14- [I] 663483027542aae907693956 
2024-05-06 10:26:21- [I] 66333a9d270c87dd7ecbaea0 
2024-05-06 10:26:28- [I] Estoy entrando: 
2024-05-06 10:26:47- [I] Estoy entrando: 
2024-05-06 10:26:55- [I] Estoy entrando: 
2024-05-06 10:28:24- [I] 663483027542aae907693956 
2024-05-06 10:28:52- [I] 663483447542aae90769395f 
2024-05-06 10:28:58- [I] Estoy entrando: 
2024-05-06 10:29:00- [I] 66333a9d270c87dd7ecbaea0 
2024-05-06 10:33:36- [I] Estoy entrando: 
2024-05-06 10:33:46- [I] 663483027542aae907693956 {"name":"lucas","password":"1234","email":"lucas@mail.com","online":false}
2024-05-06 10:33:46- [I] usuario encontrado 
2024-05-06 10:33:46- [I] {
  _id: new ObjectId('663483027542aae907693956'),
  name: 'ARANCHA',
  password: '1234',
  email: 'ARANCHA@MAIL.COM',
  online: false,
  __v: 0
} 
2024-05-06 10:33:46- [I] [object Object] 
2024-05-06 10:33:46- [I] Modificando usuario 
2024-05-06 10:34:02- [I] Estoy entrando: 
2024-05-06 10:34:36- [I] Estoy entrando: 
2024-05-06 10:34:46- [I] 663483447542aae90769395f {"name":"DANIEL","password":"1234","email":"DANIEL@MAIL.COM","online":false}
2024-05-06 10:34:46- [I] usuario encontrado 
2024-05-06 10:34:46- [I] {
  _id: new ObjectId('663483447542aae90769395f'),
  name: 'DANIEL',
  password: '1234',
  email: 'DANIEL@MAIL.COM',
  online: false,
  __v: 0
} 
2024-05-06 10:34:46- [I] [object Object] 
2024-05-06 10:34:46- [I] Modificando usuario 
2024-05-06 10:35:58- [I] Estoy entrando: 
2024-05-06 10:36:58- [I] Estoy entrando: 
2024-05-06 10:42:04- [I] Estoy entrando: 
2024-05-06 10:42:26- [I] Estoy entrando: 
2024-05-06 10:52:58- [I] Estoy entrando: 
2024-05-06 10:54:30- [I] Estoy entrando: 
2024-05-06 10:56:42- [I] Estoy entrando: 
2024-05-06 10:57:00- [I] Estoy entrando: 
2024-05-06 11:22:55- [I] Estoy entrando: 
2024-05-06 11:23:02- [I] Estoy entrando: 
2024-05-06 11:23:35- [I] Estoy entrando: 
2024-05-06 11:23:46- [I] Estoy entrando: 
2024-05-06 11:24:08- [I] 663483027542aae907693956 {"name":{},"password":{},"email":{},"online":false}
2024-05-06 11:24:08- [I] usuario encontrado 
2024-05-06 11:24:08- [I] {
  _id: new ObjectId('663483027542aae907693956'),
  name: 'LUCAS',
  password: '1234',
  email: 'LUCAS@MAIL.COM',
  online: false,
  __v: 0
} 
2024-05-06 11:24:08- [I] [object Object] 
2024-05-06 11:25:11- [I] Estoy entrando: 
2024-05-06 11:26:28- [I] 663483027542aae907693956 {"name":{},"password":{},"email":{},"online":false}
2024-05-06 11:26:28- [I] usuario encontrado 
2024-05-06 11:26:28- [I] {
  _id: new ObjectId('663483027542aae907693956'),
  name: 'LUCAS',
  password: '1234',
  email: 'LUCAS@MAIL.COM',
  online: false,
  __v: 0
} 
2024-05-06 11:26:28- [I] [object Object] 
2024-05-06 11:28:00- [I] 663483027542aae907693956 {"name":{},"password":{},"email":{},"online":false}
2024-05-06 11:28:00- [I] usuario encontrado 
2024-05-06 11:28:01- [I] {
  _id: new ObjectId('663483027542aae907693956'),
  name: 'LUCAS',
  password: '1234',
  email: 'LUCAS@MAIL.COM',
  online: false,
  __v: 0
} 
2024-05-06 11:28:01- [I] [object Object] 
2024-05-06 11:28:13- [I] 663483027542aae907693956 {"name":{},"password":{},"email":{},"online":false}
2024-05-06 11:28:13- [I] usuario encontrado 
2024-05-06 11:28:13- [I] {
  _id: new ObjectId('663483027542aae907693956'),
  name: 'LUCAS',
  password: '1234',
  email: 'LUCAS@MAIL.COM',
  online: false,
  __v: 0
} 
2024-05-06 11:28:13- [I] [object Object] 
2024-05-06 11:29:46- [I] Estoy entrando: 
2024-05-06 11:30:01- [I] 663483027542aae907693956 {"name":"maria","password":"maria@MAIL.COM","email":"1234","online":false}
2024-05-06 11:30:01- [I] usuario encontrado 
2024-05-06 11:30:01- [I] {
  _id: new ObjectId('663483027542aae907693956'),
  name: 'LUCAS',
  password: '1234',
  email: 'LUCAS@MAIL.COM',
  online: false,
  __v: 0
} 
2024-05-06 11:30:01- [I] [object Object] 
2024-05-06 11:30:01- [I] Modificando usuario 
2024-05-06 11:57:35- [I] Estoy entrando: 
2024-05-06 12:02:01- [I] Estoy entrando: 
2024-05-06 12:02:07- [I] 66333a9d270c87dd7ecbaea0 {"name":"ROBERTO","password":"ROBERT@MAIL.COM","email":"1234","online":false}
2024-05-06 12:02:07- [I] usuario encontrado 
2024-05-06 12:02:08- [I] {
  _id: new ObjectId('66333a9d270c87dd7ecbaea0'),
  name: 'ROBERT',
  password: '1234',
  email: 'ROBERT@MAIL.COM',
  online: false,
  __v: 0
} 
2024-05-06 12:02:08- [I] [object Object] 
2024-05-06 12:12:37- [I] Estoy entrando: 
2024-05-06 12:14:30- [I] Estoy entrando: 
2024-05-06 12:17:24- [I] Estoy entrando: 
2024-05-06 12:17:37- [I] 66333a9d270c87dd7ecbaea0 {"name":"ROBERTO","password":"ROBERTo@MAIL.COM","email":"1234","online":false}
2024-05-06 12:17:37- [I] usuario encontrado 
2024-05-06 12:17:37- [I] {
  _id: new ObjectId('66333a9d270c87dd7ecbaea0'),
  name: 'ROBERT',
  password: '1234',
  email: 'ROBERT@MAIL.COM',
  online: false,
  __v: 0
} 
2024-05-06 12:17:37- [I] [object Object] 
2024-05-06 12:17:37- [I] Modificando usuario 
2024-05-06 12:17:43- [I] Estoy entrando: 
2024-05-06 12:18:46- [I] 66333a9d270c87dd7ecbaea0 {"name":"ROBERTO","password":"ROBERTo@MAIL.COM","email":"1234","online":false}
2024-05-06 12:18:46- [I] usuario encontrado 
2024-05-06 12:18:46- [I] {
  _id: new ObjectId('66333a9d270c87dd7ecbaea0'),
  name: 'ROBERT',
  password: '1234',
  email: 'ROBERT@MAIL.COM',
  online: false,
  __v: 0
} 
2024-05-06 12:18:46- [I] [object Object] 
2024-05-06 12:18:51- [I] Estoy entrando: 
2024-05-06 12:19:07- [I] Estoy entrando: 
2024-05-06 12:19:18- [I] 66333a9d270c87dd7ecbaea0 {"name":"ROBERTO","password":"ROBERTO@MAIL.COM","email":"1234","online":false}
2024-05-06 12:19:18- [I] usuario encontrado 
2024-05-06 12:19:19- [I] {
  _id: new ObjectId('66333a9d270c87dd7ecbaea0'),
  name: 'ROBERT',
  password: '1234',
  email: 'ROBERT@MAIL.COM',
  online: false,
  __v: 0
} 
2024-05-06 12:19:19- [I] [object Object] 
2024-05-06 12:20:20- [I] 66388ac3075afae35d72c46d {"name":"sofia","password":"sofia@MAIL.COM","email":"1234","online":false}
2024-05-06 12:20:20- [I] usuario encontrado 
2024-05-06 12:20:20- [I] {
  _id: new ObjectId('66388ac3075afae35d72c46d'),
  name: 'DANIELA',
  password: '1234',
  email: 'DANIELA@MAIL.COM',
  online: false,
  __v: 0
} 
2024-05-06 12:20:20- [I] [object Object] 
2024-05-06 12:24:19- [I] 66388ac3075afae35d72c46d {"name":"sofia","password":"sofia@MAIL.COM","email":"1234","online":false}
2024-05-06 12:24:19- [I] usuario encontrado 
2024-05-06 12:24:19- [I] {
  _id: new ObjectId('66388ac3075afae35d72c46d'),
  name: 'DANIELA',
  password: '1234',
  email: 'DANIELA@MAIL.COM',
  online: false,
  __v: 0
} 
2024-05-06 12:24:19- [I] [object Object] 
2024-05-06 12:24:21- [I] 66388ac3075afae35d72c46d {"name":"sofia","password":"sofia@MAIL.COM","email":"1234","online":false}
2024-05-06 12:24:21- [I] usuario encontrado 
2024-05-06 12:24:21- [I] {
  _id: new ObjectId('66388ac3075afae35d72c46d'),
  name: 'DANIELA',
  password: '1234',
  email: 'DANIELA@MAIL.COM',
  online: false,
  __v: 0
} 
2024-05-06 12:24:21- [I] [object Object] 
2024-05-06 12:25:19- [I] 66388ac3075afae35d72c46d {"name":"sofia","password":"sofia@MAIL.COM","email":"1234","online":false}
2024-05-06 12:25:19- [I] usuario encontrado 
2024-05-06 12:25:19- [I] {
  _id: new ObjectId('66388ac3075afae35d72c46d'),
  name: 'DANIELA',
  password: '1234',
  email: 'DANIELA@MAIL.COM',
  online: false,
  __v: 0
} 
2024-05-06 12:25:19- [I] [object Object] 
2024-05-06 12:25:19- [I] 66388ac3075afae35d72c46d - 663483027542aae907693956 
2024-05-06 12:25:25- [I] 66388ac3075afae35d72c46d {"name":"sofia","password":"sofia@MAIL.COM","email":"1234","online":false}
2024-05-06 12:25:25- [I] usuario encontrado 
2024-05-06 12:25:25- [I] {
  _id: new ObjectId('66388ac3075afae35d72c46d'),
  name: 'DANIELA',
  password: '1234',
  email: 'DANIELA@MAIL.COM',
  online: false,
  __v: 0
} 
2024-05-06 12:25:25- [I] [object Object] 
2024-05-06 12:25:25- [I] 66388ac3075afae35d72c46d - 663483027542aae907693956 
2024-05-06 12:25:39- [I] Estoy entrando: 
2024-05-06 12:26:33- [I] 663483027542aae907693956 {"name":"sara","password":"sara","email":"123","online":false}
2024-05-06 12:26:33- [I] usuario encontrado 
2024-05-06 12:26:33- [I] {
  _id: new ObjectId('663483027542aae907693956'),
  name: 'MARIA',
  password: 'MARIA@MAIL.COM',
  email: '1234',
  online: false,
  __v: 0
} 
2024-05-06 12:26:33- [I] [object Object] 
2024-05-06 12:26:33- [I] Modificando usuario 
2024-05-06 12:26:48- [I] Estoy entrando: 
2024-05-06 12:27:14- [I] 663483027542aae907693956 {"name":"SARA","password":"sara@mail.com","email":"SARA","online":false}
2024-05-06 12:27:14- [I] usuario encontrado 
2024-05-06 12:27:14- [I] {
  _id: new ObjectId('663483027542aae907693956'),
  name: 'SARA',
  password: 'SARA',
  email: '123',
  online: false,
  __v: 0
} 
2024-05-06 12:27:14- [I] [object Object] 
2024-05-06 12:27:14- [I] Modificando usuario 
2024-05-06 12:33:21- [I] Estoy entrando: 
2024-05-06 12:36:26- [I] Estoy entrando: 
2024-05-06 12:36:40- [I] Estoy entrando: 
2024-05-06 12:42:44- [I] Estoy entrando: 
2024-05-06 12:42:53- [I] Estoy entrando: 
2024-05-06 12:45:25- [I] Estoy entrando: 
2024-05-06 12:45:35- [I] Estoy entrando: 
2024-05-06 12:47:55- [I] Estoy entrando: 
2024-05-06 12:48:02- [I] Estoy entrando: 
2024-05-06 13:06:24- [I] Estoy entrando: 
2024-05-06 13:07:03- [I] Estoy entrando: 
2024-05-06 13:09:04- [I] Estoy entrando: 
2024-05-06 13:59:36- [I] Estoy entrando: 
2024-05-06 14:35:06- [I] Estoy entrando: 
2024-05-06 14:40:27- [I] Estoy entrando: 
2024-05-06 14:41:06- [I] Estoy entrando: 
2024-05-06 14:44:07- [I] Estoy entrando: 
2024-05-06 14:44:18- [I] Estoy entrando: 
2024-05-06 14:44:33- [I] Estoy entrando: 
2024-05-06 14:44:53- [I] Estoy entrando: 
2024-05-06 14:46:48- [I] Estoy entrando: 
2024-05-06 14:46:50- [I] Estoy entrando: 
2024-05-06 14:48:17- [I] Estoy entrando: 
2024-05-06 14:48:29- [I] Estoy entrando: 
2024-05-06 14:49:35- [I] Estoy entrando: 
2024-05-06 14:49:46- [I] Estoy entrando: 
2024-05-06 14:50:42- [I] Estoy entrando: 
2024-05-06 14:51:13- [I] Estoy entrando: 
2024-05-06 14:51:30- [I] undefined {"online":true}
2024-05-06 14:51:42- [I] Estoy entrando: 
2024-05-06 14:51:50- [I] undefined {"online":true}
2024-05-06 14:52:09- [I] undefined {"online":true}
2024-05-06 14:52:13- [I] Estoy entrando: 
2024-05-06 14:52:53- [I] 663483027542aae907693956 {"name":"SARA","password":"sara@mail.com","email":"SARA@MAIL.COM","online":false}
2024-05-06 14:52:53- [I] usuario encontrado 
2024-05-06 14:52:53- [I] {
  _id: new ObjectId('663483027542aae907693956'),
  name: 'SARA',
  password: 'SARA@MAIL.COM',
  email: 'SARA',
  online: false,
  __v: 0
} 
2024-05-06 14:52:53- [I] [object Object] 
2024-05-06 14:52:53- [I] Modificando usuario 
2024-05-06 14:52:55- [I] 663483027542aae907693956 {"name":"SARA","password":"sara@mail.com","email":"SARA@MAIL.COM","online":false}
2024-05-06 14:52:55- [I] usuario encontrado 
2024-05-06 14:52:55- [I] {
  _id: new ObjectId('663483027542aae907693956'),
  name: 'SARA',
  password: 'SARA@MAIL.COM',
  email: 'SARA@MAIL.COM',
  online: false,
  __v: 0
} 
2024-05-06 14:52:55- [I] [object Object] 
2024-05-06 14:52:55- [I] {
  _id: new ObjectId('663483027542aae907693956'),
  name: 'SARA',
  password: 'SARA@MAIL.COM',
  email: 'SARA@MAIL.COM',
  online: false,
  __v: 0
} 
2024-05-06 14:52:55- [I] Modificando usuario 
2024-05-06 14:53:03- [I] 663483027542aae907693956 {"name":"SARA","password":"sara@mail.com","email":"1234","online":false}
2024-05-06 14:53:03- [I] usuario encontrado 
2024-05-06 14:53:04- [I] {
  _id: new ObjectId('663483027542aae907693956'),
  name: 'SARA',
  password: 'SARA@MAIL.COM',
  email: 'SARA@MAIL.COM',
  online: false,
  __v: 0
} 
2024-05-06 14:53:04- [I] [object Object] 
2024-05-06 14:53:04- [I] Modificando usuario 
2024-05-06 14:53:04- [I] 663483027542aae907693956 {"name":"SARA","password":"sara@mail.com","email":"1234","online":false}
2024-05-06 14:53:04- [I] usuario encontrado 
2024-05-06 14:53:04- [I] {
  _id: new ObjectId('663483027542aae907693956'),
  name: 'SARA',
  password: 'SARA@MAIL.COM',
  email: '1234',
  online: false,
  __v: 0
} 
2024-05-06 14:53:04- [I] [object Object] 
2024-05-06 14:53:04- [I] {
  _id: new ObjectId('663483027542aae907693956'),
  name: 'SARA',
  password: 'SARA@MAIL.COM',
  email: '1234',
  online: false,
  __v: 0
} 
2024-05-06 14:53:04- [I] Modificando usuario 
2024-05-06 14:53:12- [I] 663483027542aae907693956 {"name":"SARA","password":"sara@mail.com","email":"1234","online":false}
2024-05-06 14:53:12- [I] usuario encontrado 
2024-05-06 14:53:12- [I] {
  _id: new ObjectId('663483027542aae907693956'),
  name: 'SARA',
  password: 'SARA@MAIL.COM',
  email: '1234',
  online: false,
  __v: 0
} 
2024-05-06 14:53:12- [I] [object Object] 
2024-05-06 14:53:12- [I] {
  _id: new ObjectId('663483027542aae907693956'),
  name: 'SARA',
  password: 'SARA@MAIL.COM',
  email: '1234',
  online: false,
  __v: 0
} 
2024-05-06 14:53:12- [I] Modificando usuario 
2024-05-06 14:53:22- [I] Estoy entrando: 
2024-05-06 14:53:32- [I] Estoy entrando: 
2024-05-06 14:54:07- [I] 663483027542aae907693956 {"name":"SARA","password":"1234","email":"SARA@MAIL.COM","online":false}
2024-05-06 14:54:07- [I] usuario encontrado 
2024-05-06 14:54:07- [I] {
  _id: new ObjectId('663483027542aae907693956'),
  name: 'SARA',
  password: 'SARA@MAIL.COM',
  email: '1234',
  online: false,
  __v: 0
} 
2024-05-06 14:54:07- [I] [object Object] 
2024-05-06 14:54:07- [I] Modificando usuario 
2024-05-06 14:55:21- [I] Estoy entrando: 
2024-05-06 14:55:21- [I] Estoy entrando: 
2024-05-06 14:55:36- [I] undefined {"online":true}
2024-05-06 14:55:53- [I] Estoy entrando: 
2024-05-06 14:57:34- [I] Estoy entrando: 
2024-05-06 14:57:34- [I] Estoy entrando: 
2024-05-06 14:57:44- [I] Estoy entrando: 
2024-05-06 14:57:44- [I] Estoy entrando: 
2024-05-06 14:58:42- [I] Estoy entrando: 
2024-05-06 14:59:18- [I] Estoy entrando: 
2024-05-06 14:59:25- [I] Estoy entrando: 
2024-05-06 15:00:42- [I] undefined {"online":true}
2024-05-06 15:00:44- [I] Estoy entrando: 
2024-05-06 15:03:21- [I] Estoy entrando: 
2024-05-06 15:03:21- [I] Estoy entrando: 
2024-05-06 15:03:33- [I] Estoy entrando: 
2024-05-06 15:03:33- [I] Estoy entrando: 
2024-05-06 15:03:45- [I] Estoy entrando: 
2024-05-06 15:03:45- [I] Estoy entrando: 
2024-05-06 15:05:41- [I] Estoy entrando: 
2024-05-06 15:05:41- [I] Estoy entrando: 
2024-05-06 15:05:48- [I] undefined {"online":true}
2024-05-06 15:10:46- [I] Estoy entrando: 
2024-05-06 15:13:33- [I] undefined {"online":true}
2024-05-06 15:13:38- [I] {
  _id: new ObjectId('6634a7a97f06de21d70f3941'),
  name: 'LUIS',
  password: '1234',
  email: 'LUIS@MAIL.COM',
  online: false,
  __v: 0
} 
2024-05-06 15:13:38- [I] undefined {"online":true}
2024-05-06 15:13:40- [I] Estoy entrando: 
2024-05-06 15:15:42- [I] Estoy entrando: 
2024-05-06 15:15:42- [I] Estoy entrando: 
2024-05-06 15:15:54- [I] {
  _id: new ObjectId('6634a7a97f06de21d70f3941'),
  name: 'LUIS',
  password: '1234',
  email: 'LUIS@MAIL.COM',
  online: false,
  __v: 0
} 
2024-05-06 15:15:54- [I] {
  _id: new ObjectId('6634a7a97f06de21d70f3941'),
  name: 'LUIS',
  password: '1234',
  email: 'LUIS@MAIL.COM',
  online: false,
  __v: 0
} 
2024-05-06 15:15:54- [I] undefined {"online":true}
2024-05-06 15:15:56- [I] Estoy entrando: 
2024-05-06 15:16:17- [I] undefined {"online":true}
2024-05-06 15:24:26- [I] {
  _id: new ObjectId('6634a7a97f06de21d70f3941'),
  name: 'LUIS',
  password: '1234',
  email: 'LUIS@MAIL.COM',
  online: false,
  __v: 0
} 
2024-05-06 15:24:26- [I] {
  _id: new ObjectId('6634a7a97f06de21d70f3941'),
  name: 'LUIS',
  password: '1234',
  email: 'LUIS@MAIL.COM',
  online: false,
  __v: 0
} 
2024-05-06 15:24:26- [I] undefined {"online":true}
2024-05-06 15:24:27- [I] Estoy entrando: 
2024-05-06 15:28:33- [I] Estoy entrando: 
2024-05-06 15:31:45- [I] Estoy entrando: 
2024-05-06 15:31:45- [I] Estoy entrando: 
2024-05-06 15:32:08- [I] {
  _id: new ObjectId('6634a7a97f06de21d70f3941'),
  name: 'LUIS',
  password: '1234',
  email: 'LUIS@MAIL.COM',
  online: false,
  __v: 0
} 
2024-05-06 15:32:08- [I] {
  _id: new ObjectId('6634a7a97f06de21d70f3941'),
  name: 'LUIS',
  password: '1234',
  email: 'LUIS@MAIL.COM',
  online: false,
  __v: 0
} 
2024-05-06 15:32:08- [I] undefined {"online":true}
2024-05-06 15:32:09- [I] Estoy entrando: 
2024-05-06 15:35:33- [I] undefined {"online":true}
2024-05-06 15:35:37- [I] {
  _id: new ObjectId('6634a7a97f06de21d70f3941'),
  name: 'LUIS',
  password: '1234',
  email: 'LUIS@MAIL.COM',
  online: false,
  __v: 0
} 
2024-05-06 15:35:37- [I] {
  _id: new ObjectId('6634a7a97f06de21d70f3941'),
  name: 'LUIS',
  password: '1234',
  email: 'LUIS@MAIL.COM',
  online: false,
  __v: 0
} 
2024-05-06 15:35:37- [I] undefined {"online":true}
2024-05-06 15:35:39- [I] Estoy entrando: 
2024-05-06 15:38:27- [I] undefined {"online":true}
2024-05-06 15:38:31- [I] {
  _id: new ObjectId('6634a7a97f06de21d70f3941'),
  name: 'LUIS',
  password: '1234',
  email: 'LUIS@MAIL.COM',
  online: false,
  __v: 0
} 
2024-05-06 15:38:31- [I] {
  _id: new ObjectId('6634a7a97f06de21d70f3941'),
  name: 'LUIS',
  password: '1234',
  email: 'LUIS@MAIL.COM',
  online: false,
  __v: 0
} 
2024-05-06 15:38:31- [I] undefined {"name":"LUIS","password":"1234","email":"LUIS@MAIL.COM","online":true}
2024-05-06 15:38:31- [I] usuario encontrado 
2024-05-06 15:48:40- [I] {
  _id: new ObjectId('6634a7a97f06de21d70f3941'),
  name: 'LUIS',
  password: '1234',
  email: 'LUIS@MAIL.COM',
  online: false,
  __v: 0
} 
2024-05-06 15:48:40- [I] {
  _id: new ObjectId('6634a7a97f06de21d70f3941'),
  name: 'LUIS',
  password: '1234',
  email: 'LUIS@MAIL.COM',
  online: false,
  __v: 0
} 
2024-05-06 15:48:40- [I] undefined {"name":"LUIS","password":"1234","email":"LUIS@MAIL.COM","online":true}
2024-05-06 15:48:40- [I] usuario encontrado 
2024-05-06 15:48:42- [I] Estoy entrando: 
2024-05-06 15:48:49- [I] undefined {"name":"LUIS","password":"1234","email":"LUIS@MAIL.COM","online":true}
2024-05-06 15:48:49- [I] usuario encontrado 
2024-05-06 15:50:04- [I] {
  _id: new ObjectId('6634a7a97f06de21d70f3941'),
  name: 'LUIS',
  password: '1234',
  email: 'LUIS@MAIL.COM',
  online: false,
  __v: 0
} 
2024-05-06 15:50:04- [I] {
  _id: new ObjectId('6634a7a97f06de21d70f3941'),
  name: 'LUIS',
  password: '1234',
  email: 'LUIS@MAIL.COM',
  online: false,
  __v: 0
} 
2024-05-06 15:50:04- [I] undefined {"name":"LUIS","password":"1234","email":"LUIS@MAIL.COM","online":true}
2024-05-06 15:50:04- [I] usuario encontrado 
2024-05-06 15:50:06- [I] Estoy entrando: 
2024-05-06 15:50:10- [I] Estoy entrando: 
2024-05-06 15:50:14- [I] Estoy entrando: 
2024-05-06 15:50:16- [I] Estoy entrando: 
2024-05-06 15:51:12- [I] {
  _id: new ObjectId('6634a7a97f06de21d70f3941'),
  name: 'LUIS',
  password: '1234',
  email: 'LUIS@MAIL.COM',
  online: false,
  __v: 0
} 
2024-05-06 15:51:12- [I] true 
2024-05-06 15:51:12- [I] {
  _id: new ObjectId('6634a7a97f06de21d70f3941'),
  name: 'LUIS',
  password: '1234',
  email: 'LUIS@MAIL.COM',
  online: false,
  __v: 0
} 
2024-05-06 15:51:12- [I] true 
2024-05-06 15:51:12- [I] undefined {"online":true}
2024-05-06 15:52:18- [I] {
  _id: new ObjectId('6634a7a97f06de21d70f3941'),
  name: 'LUIS',
  password: '1234',
  email: 'LUIS@MAIL.COM',
  online: false,
  __v: 0
} 
2024-05-06 15:52:18- [I] {
  _id: new ObjectId('6634a7a97f06de21d70f3941'),
  name: 'LUIS',
  password: '1234',
  email: 'LUIS@MAIL.COM',
  online: false,
  __v: 0
} 
2024-05-06 15:52:18- [I] undefined {"name":"LUIS","password":"1234","email":"LUIS@MAIL.COM","online":true}
2024-05-06 15:52:18- [I] usuario encontrado 
2024-05-06 15:54:41- [I] Estoy entrando: 
2024-05-06 15:56:00- [I] Estoy entrando: 
2024-05-06 15:57:05- [I] [object Object] 
2024-05-06 15:57:05- [I] undefined {"name":"LUIS","password":"1234","email":"LUIS@MAIL.COM","online":true}
2024-05-06 15:57:05- [I] usuario encontrado 
2024-05-06 15:57:07- [I] Estoy entrando: 
2024-05-06 15:58:17- [I] undefined {"name":"LUIS","password":"1234","email":"LUIS@MAIL.COM","online":true}
2024-05-06 15:58:17- [I] usuario encontrado 
2024-05-06 15:58:20- [I] [object Object] 
2024-05-06 15:58:20- [I] undefined {"name":"LUIS","password":"1234","email":"LUIS@MAIL.COM","online":true}
2024-05-06 15:58:20- [I] usuario encontrado 
2024-05-06 15:58:22- [I] Estoy entrando: 
2024-05-06 15:59:10- [I] Estoy entrando: 
2024-05-06 15:59:10- [I] Estoy entrando: 
2024-05-06 16:01:06- [I] Estoy entrando: 
2024-05-06 16:01:10- [I] Estoy entrando: 
2024-05-06 16:01:33- [I] 6634a7a97f06de21d70f3941 {"name":"LUISMI","password":"LUIS@MAIL.COM","email":"1234","online":false}
2024-05-06 16:01:33- [I] usuario encontrado 
2024-05-06 16:01:33- [I] {
  _id: new ObjectId('6634a7a97f06de21d70f3941'),
  name: 'LUIS',
  password: '1234',
  email: 'LUIS@MAIL.COM',
  online: false,
  __v: 0
} 
2024-05-06 16:01:33- [I] [object Object] 
2024-05-06 16:01:33- [I] Modificando usuario 
2024-05-06 16:01:36- [I] Estoy entrando: 
2024-05-06 16:12:24- [I] [object Object] 
2024-05-06 16:13:49- [I] Estoy entrando: 
2024-05-06 16:14:03- [I] [object Object] 
2024-05-06 16:14:03- [I] {
  name: 'MARIA',
  password: '1234',
  email: 'MARIA@MAIL.COM',
  online: false,
  _id: new ObjectId('6638e5ab3a578262b28d1a75')
} 
2024-05-06 16:15:58- [I] Estoy entrando: 
2024-05-06 16:16:09- [I] [object Object] 
2024-05-06 16:16:09- [I] {
  name: 'DANIEL',
  password: '1234',
  email: 'DANIEL@MAIL.COM',
  online: false,
  _id: new ObjectId('6638e629db8c5f442fc3636a')
} 
2024-05-06 16:23:56- [I] Estoy entrando: 
2024-05-06 16:24:05- [I] [object Object] 
2024-05-06 16:24:05- [I] {
  name: 'DANIEL',
  password: '1234',
  email: 'DANIELA@MAIL.COM',
  online: false,
  _id: new ObjectId('6638e80527e1231720c60620')
} 
2024-05-06 16:24:31- [I] Estoy entrando: 
2024-05-06 16:24:38- [I] [object Object] 
2024-05-06 16:24:38- [I] {
  name: 'FER',
  password: '1234',
  email: 'FER@MAIL.COM',
  online: false,
  _id: new ObjectId('6638e8266811e23f88f7da3a')
} 
2024-05-06 16:25:32- [I] Estoy entrando: 
2024-05-06 16:25:43- [I] [object Object] 
2024-05-06 16:25:44- [I] {
  name: 'FER',
  password: '1234',
  email: 'FER@MAIL.COM',
  online: false,
  _id: new ObjectId('6638e867cf88b50e8fec94c9')
} 
2024-05-06 16:28:06- [I] [object Object],[object Object] 
2024-05-06 16:28:06- [I] { online: false, _id: new ObjectId('6638e8f68ad2702a2ed34fce') } 
2024-05-06 16:28:49- [I] [object Object],[object Object] 
2024-05-06 16:28:49- [I] { online: false, _id: new ObjectId('6638e921ab7eccf57c039a09') } 
2024-05-06 16:37:01- [I] [object Object] 
2024-05-06 16:37:01- [I] {
  name: 'ARANCHA',
  password: '1234',
  email: 'ARANCHA@MAIL.COM',
  online: false,
  _id: new ObjectId('6638eb0dcb3ba39b13f6063d')
} 
2024-05-06 16:38:21- [I] [object Object] 
2024-05-06 16:38:21- [I] [object Object] 
2024-05-06 16:39:18- [I] [object Object] 
2024-05-06 16:39:18- [I] [object Object] 
2024-05-06 16:40:41- [I] [object Object] 
2024-05-06 16:40:41- [I] {
  name: 'ARANCHA',
  password: '1234',
  email: 'ARANCHA@MAIL.COM',
  online: false,
  _id: new ObjectId('6638ebe9f001c3a103b2fc3f')
} 
2024-05-06 16:41:35- [I] [object Object] 
2024-05-06 16:41:35- [I] [object Object] 
2024-05-06 16:46:34- [I] [object Object] 
2024-05-06 16:46:34- [I] [object Object] 
2024-05-06 16:47:01- [I] [object Object] 
2024-05-06 16:47:01- [I] [object Object] 
2024-05-06 16:50:06- [I] [object Object] 
2024-05-06 16:50:06- [I] [object Object] 
2024-05-06 16:51:30- [I] [object Object] 
2024-05-06 16:51:30- [I] [object Object] 
2024-05-06 16:52:28- [I] [object Object] 
2024-05-06 16:52:28- [I] [object Object] 
2024-05-06 16:54:13- [I] [object Object] 
2024-05-06 16:54:13- [I] [object Object] 
2024-05-06 16:55:02- [I] [object Object] 
2024-05-06 16:55:02- [I] [object Object] 
2024-05-06 16:59:02- [I] [object Object] 
2024-05-06 16:59:02- [I] [object Object] 
2024-05-06 16:59:24- [I] [object Object] 
2024-05-06 16:59:24- [I] [object Object] 
2024-05-06 16:59:30- [I] [object Object] 
2024-05-06 16:59:30- [I] [object Object] 
