2024-05-03 08:08:17- [I] Estoy entrando: 
2024-05-03 08:08:41- [I] Estoy entrando: 
2024-05-03 08:10:04- [I] Estoy entrando: 
2024-05-03 08:10:07- [I] Estoy entrando: 
2024-05-03 08:11:12- [I] Estoy entrando: 
2024-05-03 08:11:35- [I] Estoy entrando: 
2024-05-03 08:11:41- [I] Estoy entrando: 
2024-05-03 08:12:03- [I] Estoy entrando: 
2024-05-03 08:12:30- [I] Estoy entrando: 
2024-05-03 08:12:33- [I] Estoy entrando: 
2024-05-03 08:12:55- [I] Estoy entrando: 
2024-05-03 08:13:05- [I] Estoy entrando: 
2024-05-03 08:13:07- [I] Estoy entrando: 
2024-05-03 08:13:07- [I] Estoy entrando: 
2024-05-03 08:13:07- [I] Estoy entrando: 
2024-05-03 08:13:07- [I] Estoy entrando: 
2024-05-03 08:13:08- [I] Estoy entrando: 
2024-05-03 08:14:05- [I] Estoy entrando: 
2024-05-03 08:14:07- [I] Estoy entrando: 
2024-05-03 08:14:08- [I] Estoy entrando: 
2024-05-03 08:14:09- [I] Estoy entrando: 
2024-05-03 08:14:13- [I] Estoy entrando: 
2024-05-03 08:14:38- [I] Estoy entrando: 
2024-05-03 08:14:48- [I] Estoy entrando: 
2024-05-03 08:14:49- [I] Estoy entrando: 
2024-05-03 08:16:03- [I] Estoy entrando: 
2024-05-03 08:16:24- [I] Estoy entrando: 
2024-05-03 08:16:42- [I] Estoy entrando: 
2024-05-03 08:16:45- [I] Estoy entrando: 
2024-05-03 08:16:46- [I] Estoy entrando: 
2024-05-03 08:16:47- [I] Estoy entrando: 
2024-05-03 08:20:49- [I] Estoy entrando: 
2024-05-03 08:21:23- [I] Estoy entrando: 
2024-05-03 08:21:42- [I] Estoy entrando: 
2024-05-03 08:21:58- [I] Estoy entrando: 
2024-05-03 08:22:46- [I] Estoy entrando: 
2024-05-03 08:23:16- [I] Estoy entrando: 
2024-05-03 08:23:34- [I] Estoy entrando: 
2024-05-03 08:23:50- [I] Estoy entrando: 
2024-05-03 08:24:11- [I] Estoy entrando: 
2024-05-03 08:24:13- [I] Estoy entrando: 
2024-05-03 08:24:17- [I] Estoy entrando: 
2024-05-03 08:24:52- [I] Estoy entrando: 
2024-05-03 08:25:13- [I] Estoy entrando: 
2024-05-03 08:58:22- [I] Estoy entrando: 
2024-05-03 08:59:29- [I] Estoy entrando: 
2024-05-03 09:06:05- [I] undefined - 663483447542aae90769395f 
2024-05-03 09:16:15- [I] Estoy entrando: 
2024-05-03 09:16:51- [I] Estoy entrando: 
2024-05-03 09:17:28- [I] Estoy entrando: 
2024-05-03 09:20:49- [I] 663483447542aae90769395f 
2024-05-03 09:20:49- [I] undefined - 663483447542aae90769395f 
2024-05-03 09:23:40- [I] Estoy entrando: 
2024-05-03 09:23:51- [I] 663483447542aae90769395f 
2024-05-03 09:23:51- [I] undefined - 663483447542aae90769395f 
2024-05-03 09:25:16- [I] Estoy entrando: 
2024-05-03 09:25:22- [I] 663483447542aae90769395f 
2024-05-03 09:25:23- [I] {
  _id: new ObjectId('663483447542aae90769395f'),
  name: 'DANIEL',
  password: '1234',
  email: 'DANIEL@MAIL.COM',
  online: false,
  __v: 0
} 
2024-05-03 09:25:23- [I] undefined - 663483447542aae90769395f 
2024-05-03 09:31:03- [I] 663483447542aae90769395f 
2024-05-03 09:31:03- [I] {
  _id: new ObjectId('663483447542aae90769395f'),
  name: 'DANIEL',
  password: '1234',
  email: 'DANIEL@MAIL.COM',
  online: false,
  __v: 0
} 
2024-05-03 09:31:03- [I] undefined - 663483447542aae90769395f 
2024-05-03 09:33:48- [I] 663483447542aae90769395f 
2024-05-03 09:33:48- [I] {
  _id: new ObjectId('663483447542aae90769395f'),
  name: 'DANIEL',
  password: '1234',
  email: 'DANIEL@MAIL.COM',
  online: false,
  __v: 0
} 
2024-05-03 09:33:48- [I] 663483447542aae90769395f - 663483447542aae90769395f 
2024-05-03 09:33:49- [I] 663483447542aae90769395f 
2024-05-03 09:33:49- [I] {
  _id: new ObjectId('663483447542aae90769395f'),
  name: 'DANIEL',
  password: '1234',
  email: 'DANIEL@MAIL.COM',
  online: false,
  __v: 0
} 
2024-05-03 09:33:49- [I] 663483447542aae90769395f - 663483447542aae90769395f 
2024-05-03 09:35:33- [I] 663483447542aae90769395f 
2024-05-03 09:35:34- [I] {
  _id: new ObjectId('663483447542aae90769395f'),
  name: 'DANIEL',
  password: '1234',
  email: 'DANIEL@MAIL.COM',
  online: false,
  __v: 0
} 
2024-05-03 09:35:34- [I] 663483447542aae90769395f - 663483447542aae90769395f 
2024-05-03 09:35:34- [I] 663483447542aae90769395f 
2024-05-03 09:35:34- [I] {
  _id: new ObjectId('663483447542aae90769395f'),
  name: 'DANIEL',
  password: '1234',
  email: 'DANIEL@MAIL.COM',
  online: false,
  __v: 0
} 
2024-05-03 09:35:34- [I] 663483447542aae90769395f - 663483447542aae90769395f 
2024-05-03 09:35:34- [I] 663483447542aae90769395f 
2024-05-03 09:35:34- [I] {
  _id: new ObjectId('663483447542aae90769395f'),
  name: 'DANIEL',
  password: '1234',
  email: 'DANIEL@MAIL.COM',
  online: false,
  __v: 0
} 
2024-05-03 09:35:34- [I] 663483447542aae90769395f - 663483447542aae90769395f 
2024-05-03 09:35:34- [I] 663483447542aae90769395f 
2024-05-03 09:35:34- [I] {
  _id: new ObjectId('663483447542aae90769395f'),
  name: 'DANIEL',
  password: '1234',
  email: 'DANIEL@MAIL.COM',
  online: false,
  __v: 0
} 
2024-05-03 09:35:34- [I] 663483447542aae90769395f - 663483447542aae90769395f 
2024-05-03 09:45:26- [I] 663483447542aae90769395f 
2024-05-03 09:45:26- [I] {
  _id: new ObjectId('663483447542aae90769395f'),
  name: 'DANIEL',
  password: '1234',
  email: 'DANIEL@MAIL.COM',
  online: false,
  __v: 0
} 
2024-05-03 09:45:26- [I] 663483447542aae90769395f - 663483447542aae90769395f 
2024-05-03 09:46:23- [I] Estoy entrando: 
2024-05-03 09:46:31- [I] 663483447542aae90769395f 
2024-05-03 09:46:31- [I] {
  _id: new ObjectId('663483447542aae90769395f'),
  name: 'DANIEL',
  password: '1234',
  email: 'DANIEL@MAIL.COM',
  online: false,
  __v: 0
} 
2024-05-03 09:46:31- [I] 663483447542aae90769395f - 663483447542aae90769395f 
2024-05-03 09:47:14- [I] 6634802731e11e1dc2b7887f 
2024-05-03 09:47:14- [I] {
  _id: new ObjectId('6634802731e11e1dc2b7887f'),
  name: 'LUIS',
  password: '1234',
  online: false,
  __v: 0
} 
2024-05-03 09:47:14- [I] 6634802731e11e1dc2b7887f - 6634802731e11e1dc2b7887f 
2024-05-03 09:48:26- [I] 6634802731e11e1dc2b7887f 
2024-05-03 09:48:26- [I] {
  _id: new ObjectId('6634802731e11e1dc2b7887f'),
  name: 'LUIS',
  password: '1234',
  online: false,
  __v: 0
} 
2024-05-03 09:48:26- [I] 6634802731e11e1dc2b7887f - 6634802731e11e1dc2b7887f 
2024-05-03 09:48:30- [I] 6634802731e11e1dc2b7887f 
2024-05-03 09:48:30- [I] {
  _id: new ObjectId('6634802731e11e1dc2b7887f'),
  name: 'LUIS',
  password: '1234',
  online: false,
  __v: 0
} 
2024-05-03 09:48:30- [I] 6634802731e11e1dc2b7887f - 6634802731e11e1dc2b7887f 
2024-05-03 09:48:33- [I] 6634802731e11e1dc2b7887f 
2024-05-03 09:48:33- [I] {
  _id: new ObjectId('6634802731e11e1dc2b7887f'),
  name: 'LUIS',
  password: '1234',
  online: false,
  __v: 0
} 
2024-05-03 09:48:33- [I] 6634802731e11e1dc2b7887f - 6634802731e11e1dc2b7887f 
2024-05-03 09:48:36- [I] 6634802731e11e1dc2b7887f 
2024-05-03 09:48:36- [I] {
  _id: new ObjectId('6634802731e11e1dc2b7887f'),
  name: 'LUIS',
  password: '1234',
  online: false,
  __v: 0
} 
2024-05-03 09:48:36- [I] 6634802731e11e1dc2b7887f - 6634802731e11e1dc2b7887f 
2024-05-03 09:49:28- [I] 6634802731e11e1dc2b7887f 
2024-05-03 09:49:28- [I] {
  _id: new ObjectId('6634802731e11e1dc2b7887f'),
  name: 'LUIS',
  password: '1234',
  online: false,
  __v: 0
} 
2024-05-03 09:49:28- [I] 6634802731e11e1dc2b7887f - 6634802731e11e1dc2b7887f 
2024-05-03 09:49:45- [I] 6634802731e11e1dc2b7887f 
2024-05-03 09:49:46- [I] {
  _id: new ObjectId('6634802731e11e1dc2b7887f'),
  name: 'LUIS',
  password: '1234',
  online: false,
  __v: 0
} 
2024-05-03 09:49:46- [I] 6634802731e11e1dc2b7887f - 6634802731e11e1dc2b7887f LUIS 
2024-05-03 09:56:00- [I] Estoy entrando: 
2024-05-03 09:56:10- [I] 6634802731e11e1dc2b7887f 
2024-05-03 09:56:10- [I] {
  _id: new ObjectId('6634802731e11e1dc2b7887f'),
  name: 'LUIS',
  password: '1234',
  online: false,
  __v: 0
} 
2024-05-03 09:56:10- [I] 6634802731e11e1dc2b7887f - 6634802731e11e1dc2b7887f LUIS 
2024-05-03 10:01:58- [I] [object Object] 
2024-05-03 10:01:58- [I] {
  _id: new ObjectId('6634802731e11e1dc2b7887f'),
  name: 'LUIS',
  password: '1234',
  online: false,
  __v: 0
} 
2024-05-03 10:01:58- [I] 6634802731e11e1dc2b7887f - 6634802731e11e1dc2b7887f LUIS 
2024-05-03 10:38:48- [I] Estoy entrando: 
2024-05-03 10:39:16- [I] Estoy entrando: 
2024-05-03 10:39:41- [I] 6634802731e11e1dc2b7887f,[object Object] 
2024-05-03 10:39:41- [I] null 
2024-05-03 10:39:41- [I] Usuario modificado 
2024-05-03 10:40:04- [I] Estoy entrando: 
2024-05-03 10:59:01- [I] Estoy entrando: 
2024-05-03 10:59:16- [I] Estoy entrando: 
2024-05-03 10:59:51- [I] Estoy entrando: 
2024-05-03 11:00:09- [I] Estoy entrando: 
2024-05-03 11:09:19- [I] Estoy entrando: 
2024-05-03 11:09:35- [I] Estoy entrando: 
2024-05-03 11:09:37- [I] Estoy entrando: 
2024-05-03 11:10:34- [I] Estoy entrando: 
2024-05-03 11:23:10- [I] Estoy entrando: 
2024-05-03 11:47:35- [I] [object Object],[object Object] 
2024-05-03 11:58:05- [I] [object Object],[object Object] 
2024-05-03 12:04:18- [I] [object Object],[object Object] 
2024-05-03 12:13:13- [I] [object Object],[object Object] 
2024-05-03 12:14:29- [I] [object Object],[object Object] 
2024-05-03 12:29:22- [I] undefined 
2024-05-03 12:32:23- [I] undefined 
2024-05-03 12:32:48- [I] undefined 
2024-05-03 12:33:10- [I] undefined 
2024-05-03 12:33:11- [I] undefined 
2024-05-03 12:33:12- [I] undefined 
2024-05-03 12:33:13- [I] undefined 
2024-05-03 12:33:14- [I] undefined 
2024-05-03 12:33:15- [I] undefined 
2024-05-03 12:33:15- [I] undefined 
2024-05-03 12:42:39- [I] undefined 
2024-05-03 12:42:47- [I] undefined 
2024-05-03 12:45:17- [I] undefined 
2024-05-03 12:45:52- [I] undefined 
2024-05-03 12:46:58- [I] undefined 
2024-05-03 12:47:39- [I] undefined 
2024-05-03 12:50:36- [I] undefined 
2024-05-03 12:52:18- [I] undefined {"name":"LUISMiguel","password":"1234","email":"Luis@mimail.com"}
2024-05-03 12:52:18- [I] [object Object] 
2024-05-03 12:52:36- [I] undefined {"name":"LUISMiguel","password":"1234","email":"Luis@mimail.com"}
2024-05-03 12:52:36- [I] [object Object] 
2024-05-03 12:53:12- [I] undefined {"name":"LUISMiguel","password":"1234","email":"Luis@mimail.com"}
2024-05-03 12:53:12- [I] [object Object] 
2024-05-03 12:53:25- [I] 6634802731e11e1dc2b7887f {"name":"LUISMiguel","password":"1234","email":"Luis@mimail.com"}
2024-05-03 12:53:25- [I] [object Object] 
2024-05-03 12:57:08- [I] 6634802731e11e1dc2b7887f {"name":"LUISMiguel","password":"1234","email":"Luis@mimail.com"}
2024-05-03 12:57:08- [I] {"name":"LUISMiguel","password":"1234","email":"Luis@mimail.com"} 
2024-05-03 13:02:11- [I] 6634802731e11e1dc2b7887f {"name":"LUISMiguel","password":"1234","email":"Luis@mimail.com"}
2024-05-03 13:02:11- [I] {"name":"LUISMiguel","password":"1234","email":"Luis@mimail.com"} 
2024-05-03 13:02:34- [I] Estoy entrando: 
2024-05-03 13:03:17- [I] Estoy entrando: 
2024-05-03 13:03:44- [I] 6634802731e11e1dc2b7887f {"name":"LUISManuel","password":"1234","email":"Luis@mimail.com"}
2024-05-03 13:03:44- [I] {"name":"LUISManuel","password":"1234","email":"Luis@mimail.com"} 
2024-05-03 13:06:49- [I] 6634802731e11e1dc2b7887f {"name":"LUISManuel","password":"1234","email":"Luis@mimail.com"}
2024-05-03 13:06:49- [I] {"name":"LUISManuel","password":"1234","email":"Luis@mimail.com"} 
2024-05-03 13:06:50- [I] 6634802731e11e1dc2b7887f {"name":"LUISManuel","password":"1234","email":"Luis@mimail.com"}
2024-05-03 13:06:50- [I] {"name":"LUISManuel","password":"1234","email":"Luis@mimail.com"} 
2024-05-03 13:06:51- [I] 6634802731e11e1dc2b7887f {"name":"LUISManuel","password":"1234","email":"Luis@mimail.com"}
2024-05-03 13:06:51- [I] {"name":"LUISManuel","password":"1234","email":"Luis@mimail.com"} 
2024-05-03 13:06:52- [I] 6634802731e11e1dc2b7887f {"name":"LUISManuel","password":"1234","email":"Luis@mimail.com"}
2024-05-03 13:06:52- [I] {"name":"LUISManuel","password":"1234","email":"Luis@mimail.com"} 
2024-05-03 13:07:01- [I] 6634802731e11e1dc2b7887f {"name":"LUISManuel","password":"1234","email":"Luis@mimail.com"}
2024-05-03 13:07:01- [I] {"name":"LUISManuel","password":"1234","email":"Luis@mimail.com"} 
2024-05-03 13:07:15- [I] 6634802731e11e1dc2b7887f {"name":"LUISPedro","password":"1234","email":"Luis@mimail.com"}
2024-05-03 13:07:15- [I] {"name":"LUISPedro","password":"1234","email":"Luis@mimail.com"} 
2024-05-03 13:07:25- [I] 6634802731e11e1dc2b7887f {"name":"LUISPedro","password":"1234","email":"Luisasd@mimail.com"}
2024-05-03 13:07:25- [I] {"name":"LUISPedro","password":"1234","email":"Luisasd@mimail.com"} 
2024-05-03 13:08:02- [I] 6634802731e11e1dc2b7887f {"name":"sofia","password":"1234","email":"sofia@mimail.com"}
2024-05-03 13:08:02- [I] {"name":"sofia","password":"1234","email":"sofia@mimail.com"} 
2024-05-03 13:08:24- [I] 6634802731e11e1dc2b7887f {"name":"sof","password":"1234","email":"sofia@mimail.com"}
2024-05-03 13:08:24- [I] {"name":"sof","password":"1234","email":"sofia@mimail.com"} 
2024-05-03 13:09:29- [I] 6634802731e11e1dc2b7887f {"name":"sof","password":"1234","email":"sofia@mimail.com"}
2024-05-03 13:09:29- [I] {"name":"sof","password":"1234","email":"sofia@mimail.com"} 
2024-05-03 13:09:30- [I] 6634802731e11e1dc2b7887f {"name":"sof","password":"1234","email":"sofia@mimail.com"}
2024-05-03 13:09:30- [I] {"name":"sof","password":"1234","email":"sofia@mimail.com"} 
2024-05-03 13:10:28- [I] 6634802731e11e1dc2b7887f {"name":"sof","password":"1234","email":"sofia@mimail.com"}
2024-05-03 13:10:28- [I] {"name":"sof","password":"1234","email":"sofia@mimail.com"} 
2024-05-03 13:10:29- [I] 6634802731e11e1dc2b7887f {"name":"sof","password":"1234","email":"sofia@mimail.com"}
2024-05-03 13:10:29- [I] {"name":"sof","password":"1234","email":"sofia@mimail.com"} 
2024-05-03 13:15:23- [I] 6634802731e11e1dc2b7887f {"name":"sof","password":"1234","email":"sofia@mimail.com"}
2024-05-03 13:15:23- [I] {"name":"sof","password":"1234","email":"sofia@mimail.com"} 
2024-05-03 13:22:21- [I] 6634802731e11e1dc2b7887f {"name":"sof","password":"1234","email":"sofia@mimail.com"}
2024-05-03 13:22:21- [I] {"name":"sof","password":"1234","email":"sofia@mimail.com"} 
2024-05-03 13:22:42- [I] 6634802731e11e1dc2b7887f {"name":"sof","password":"1234","email":"sofia@mimail.com"}
2024-05-03 13:22:42- [I] {"name":"sof","password":"1234","email":"sofia@mimail.com"} 
2024-05-03 13:23:16- [I] 6634802731e11e1dc2b7887f {"name":"sof","password":"1234","email":"sofia@mimail.com"}
2024-05-03 13:23:16- [I] {"name":"sof","password":"1234","email":"sofia@mimail.com"} 
2024-05-03 13:23:30- [I] 6634802731e11e1dc2b7887f {"name":"sof","password":"1234","email":"sofia@mimail.com"}
2024-05-03 13:23:30- [I] {"name":"sof","password":"1234","email":"sofia@mimail.com"} 
2024-05-03 13:23:45- [I] 6634802731e11e1dc2b7887f {"name":"sof","password":"1234","email":"sofia@mimail.com"}
2024-05-03 13:23:45- [I] {"name":"sof","password":"1234","email":"sofia@mimail.com"} 
2024-05-03 13:30:10- [I] 6634802731e11e1dc2b7887f {"name":"sof","password":"1234","email":"sofia@mimail.com"}
2024-05-03 13:30:10- [I] {"name":"sof","password":"1234","email":"sofia@mimail.com"} 
2024-05-03 13:33:29- [I] 6634802731e11e1dc2b7887f {"name":"sof","password":"1234","email":"sofia@mimail.com"}
2024-05-03 13:33:29- [I] {"name":"sof","password":"1234","email":"sofia@mimail.com"} 
2024-05-03 13:33:36- [I] 6634802731e11e1dc2b7887f {"name":"sofia","password":"1234","email":"sofia@mimail.com"}
2024-05-03 13:33:36- [I] {"name":"sofia","password":"1234","email":"sofia@mimail.com"} 
2024-05-03 13:36:53- [I] 6634802731e11e1dc2b7887f {"name":"sofia","password":"1234","email":"sofia@mimail.com"}
2024-05-03 13:36:53- [I] {"name":"sofia","password":"1234","email":"sofia@mimail.com"} 
2024-05-03 13:37:41- [I] Estoy entrando: 
2024-05-03 13:37:55- [I] 6634802731e11e1dc2b7887f {"name":"SOFIA","password":"1234","email":"SOFIA@mimail.com"}
2024-05-03 13:37:55- [I] {"name":"SOFIA","password":"1234","email":"SOFIA@mimail.com"} 
2024-05-03 13:38:06- [I] 6634802731e11e1dc2b7887f {"name":"SOFIA","password":"1234","email":"SOFIA@mimail.com"}
2024-05-03 13:38:06- [I] {"name":"SOFIA","password":"1234","email":"SOFIA@mimail.com"} 
2024-05-03 13:40:05- [I] 66333a9d270c87dd7ecbaea0 {"name":"SOFIA","password":"1234","email":"SOFIA@mimail.com"}
2024-05-03 13:40:05- [I] {"name":"SOFIA","password":"1234","email":"SOFIA@mimail.com"} 
2024-05-03 13:40:11- [I] Estoy entrando: 
2024-05-03 13:40:58- [I] 66333a9d270c87dd7ecbaea0 {"name":"SOFIA","password":"1234","email":"SOFIA@mimail.com"}
2024-05-03 13:40:58- [I] {"name":"SOFIA","password":"1234","email":"SOFIA@mimail.com"} 
2024-05-03 13:41:09- [I] Estoy entrando: 
2024-05-03 13:42:03- [I] 66348271a65a30886dbb4a29 {"name":"FER","password":"1234","email":"FER@MAIL.COM"}
2024-05-03 13:42:03- [I] {"name":"FER","password":"1234","email":"FER@MAIL.COM"} 
2024-05-03 13:42:15- [I] 66348271a65a30886dbb4a29 {"name":"FERMIN","password":"1234","email":"FERMIn@MAIL.COM"}
2024-05-03 13:42:15- [I] {"name":"FERMIN","password":"1234","email":"FERMIn@MAIL.COM"} 
2024-05-03 13:44:30- [I] 66348271a65a30886dbb4a29 {"name":"FERMIN","password":"1234","email":"FERMIn@MAIL.COM"}
2024-05-03 13:44:30- [I] {"name":"FERMIN","password":"1234","email":"FERMIn@MAIL.COM"} 
2024-05-03 13:48:31- [I] 66348271a65a30886dbb4a29 {"name":"FERMIN","password":"1234","email":"FERMIn@MAIL.COM"}
2024-05-03 13:48:31- [I] {"name":"FERMIN","password":"1234","email":"FERMIn@MAIL.COM"} 
2024-05-03 13:48:31- [I] {
  _id: new ObjectId('66333a9d270c87dd7ecbaea0'),
  name: 'FERMIN',
  password: '1234',
  email: 'FERMIN@MAIL.COM',
  online: false,
  __v: 0
} 
2024-05-03 13:48:31- [I] {
  _id: new ObjectId('66333a9d270c87dd7ecbaea0'),
  name: 'FERMIN',
  password: '1234',
  email: 'FERMIN@MAIL.COM',
  online: false,
  __v: 0
} 
2024-05-03 13:49:21- [I] 66348271a65a30886dbb4a29 {"name":"Roberto","password":"1234","email":"Roberto@MAIL.COM"}
2024-05-03 13:49:21- [I] {"name":"Roberto","password":"1234","email":"Roberto@MAIL.COM"} 
2024-05-03 13:49:21- [I] null 
2024-05-03 13:49:21- [I] null 
2024-05-03 13:49:29- [I] 66348271a65a30886dbb4a29 {"name":"Roberto","password":"1234","email":"Robertito@MAIL.COM"}
2024-05-03 13:49:29- [I] {"name":"Roberto","password":"1234","email":"Robertito@MAIL.COM"} 
2024-05-03 13:49:29- [I] null 
2024-05-03 13:49:29- [I] {
  _id: new ObjectId('66333a9d270c87dd7ecbaea0'),
  name: 'ROBERTO',
  password: '1234',
  email: 'ROBERTO@MAIL.COM',
  online: false,
  __v: 0
} 
2024-05-03 13:49:37- [I] 66348271a65a30886dbb4a29 {"name":"Roberto","password":"1234","email":"Robertito@MAIL.COM"}
2024-05-03 13:49:37- [I] {"name":"Roberto","password":"1234","email":"Robertito@MAIL.COM"} 
2024-05-03 13:49:37- [I] null 
2024-05-03 13:49:37- [I] {
  _id: new ObjectId('66333a9d270c87dd7ecbaea0'),
  name: 'ROBERTO',
  password: '1234',
  email: 'ROBERTO@MAIL.COM',
  online: false,
  __v: 0
} 
2024-05-03 13:49:56- [I] 66348271a65a30886dbb4a29 {"name":"Robertito","password":"1234","email":"Roberto@MAIL.COM"}
2024-05-03 13:49:56- [I] {"name":"Robertito","password":"1234","email":"Roberto@MAIL.COM"} 
2024-05-03 13:49:57- [I] {
  _id: new ObjectId('66333a9d270c87dd7ecbaea0'),
  name: 'ROBERTO',
  password: '1234',
  email: 'ROBERTO@MAIL.COM',
  online: false,
  __v: 0
} 
2024-05-03 13:49:57- [I] null 
2024-05-03 13:50:28- [I] 66348271a65a30886dbb4a29 {"name":"Robertus","password":"1234","email":"Robertus@MAIL.COM"}
2024-05-03 13:50:28- [I] {"name":"Robertus","password":"1234","email":"Robertus@MAIL.COM"} 
2024-05-03 13:50:28- [I] null 
2024-05-03 13:50:28- [I] null 
2024-05-03 13:53:39- [I] 66348271a65a30886dbb4a29 {"name":"Robertus","password":"1234","email":"Robertus@MAIL.COM"}
2024-05-03 13:53:39- [I] {"name":"Robertus","password":"1234","email":"Robertus@MAIL.COM"} 
2024-05-03 13:53:39- [I] {
  _id: new ObjectId('66333a9d270c87dd7ecbaea0'),
  name: 'ROBERTUS',
  password: '1234',
  email: 'ROBERTUS@MAIL.COM',
  online: false,
  __v: 0
} 
2024-05-03 13:53:39- [I] {
  _id: new ObjectId('66333a9d270c87dd7ecbaea0'),
  name: 'ROBERTUS',
  password: '1234',
  email: 'ROBERTUS@MAIL.COM',
  online: false,
  __v: 0
} 
2024-05-03 13:54:27- [I] 66348271a65a30886dbb4a29 {"name":"Robertus","password":"1234","email":"Robertus@MAIL.COM"}
2024-05-03 13:54:27- [I] {"name":"Robertus","password":"1234","email":"Robertus@MAIL.COM"} 
2024-05-03 13:54:27- [I] {
  _id: new ObjectId('66333a9d270c87dd7ecbaea0'),
  name: 'ROBERTUS',
  password: '1234',
  email: 'ROBERTUS@MAIL.COM',
  online: false,
  __v: 0
} 
2024-05-03 13:54:27- [I] {
  _id: new ObjectId('66333a9d270c87dd7ecbaea0'),
  name: 'ROBERTUS',
  password: '1234',
  email: 'ROBERTUS@MAIL.COM',
  online: false,
  __v: 0
} 
