2024-05-08 09:06:01- [I] [object Object] 
2024-05-08 09:06:01- [I] {
  name: 'RODRIGO',
  password: '1234',
  email: 'RODRIGO@GMAIL.COM',
  online: false,
  _id: new ObjectId('663b2459619731ae5aec9ad7')
} 
2024-05-08 09:11:08- [I] [object Object] 
2024-05-08 09:11:08- [I] 6634a7a97f06de21d70f3941 
2024-05-08 09:13:56- [I] [object Object] 
2024-05-08 09:13:56- [I] 6634a7a97f06de21d70f3941 
2024-05-08 09:13:56- [I] El usuario LUISMI se ha desconectado. 
2024-05-08 09:14:04- [I] [object Object] 
2024-05-08 09:14:04- [I] 6634a7a97f06de21d70f3941 
2024-05-08 09:14:04- [I] El usuario LUISMI se ha conectado. 
2024-05-08 09:14:34- [I] 6634a7a97f06de21d70f3941 
2024-05-08 09:14:34- [I] El usuario LUISMI se ha desconectado. 
2024-05-08 09:18:18- [I] [object Object] 
2024-05-08 09:19:37- [I] [object Object] 
2024-05-08 09:42:02- [I] [object Object] 
2024-05-08 09:42:25- [I] [object Object] 
2024-05-08 09:47:41- [I] 6634a7a97f06de21d70f3941 
2024-05-08 09:47:41- [I] El usuario LUISMI se ha conectado. 
2024-05-08 09:47:42- [I] 6634a7a97f06de21d70f3941 
2024-05-08 09:47:42- [I] El usuario LUISMI se ha desconectado. 
2024-05-08 09:47:44- [I] 6634a7a97f06de21d70f3941 
2024-05-08 09:47:44- [I] El usuario LUISMI se ha conectado. 
2024-05-08 10:22:32- [I] Entra 
2024-05-08 10:22:32- [I] 6634a7a97f06de21d70f3941 
2024-05-08 10:22:32- [I] El usuario LUISMI se ha desconectado. 
2024-05-08 10:22:33- [I] Entra 
2024-05-08 10:22:33- [I] 6634a7a97f06de21d70f3941 
2024-05-08 10:22:33- [I] El usuario LUISMI se ha conectado. 
2024-05-08 10:27:30- [I] Entra 
2024-05-08 10:27:30- [I] 6634a7a97f06de21d70f3941 
2024-05-08 10:27:30- [I] El usuario LUISMI se ha desconectado. 
2024-05-08 10:27:32- [I] Entra 
2024-05-08 10:27:32- [I] 6634a7a97f06de21d70f3941 
2024-05-08 10:27:32- [I] El usuario LUISMI se ha conectado. 
2024-05-08 10:27:33- [I] Entra 
2024-05-08 10:27:33- [I] 6634a7a97f06de21d70f3941 
2024-05-08 10:27:33- [I] El usuario LUISMI se ha desconectado. 
2024-05-08 10:27:34- [I] Entra 
2024-05-08 10:27:34- [I] 6634a7a97f06de21d70f3941 
2024-05-08 10:27:34- [I] El usuario LUISMI se ha conectado. 
2024-05-08 10:41:38- [I] Entra 
2024-05-08 10:41:38- [I] {} 
2024-05-08 10:43:09- [I] Entra 
2024-05-08 10:43:09- [I] [object Object] 
2024-05-08 10:43:09- [I] {} 
2024-05-08 10:43:39- [I] Entra 
2024-05-08 10:43:39- [I] [object Object] 
2024-05-08 10:43:39- [I] {} 
2024-05-08 10:49:59- [I] Entra 
2024-05-08 10:49:59- [I] [object Object] 
2024-05-08 10:49:59- [I] {} 
2024-05-08 10:50:52- [I] Entra 
2024-05-08 10:50:52- [I] [object Object] 
2024-05-08 10:50:52- [I] {} 
2024-05-08 10:51:23- [I] Entra 
2024-05-08 10:51:23- [I] [object Object] 
2024-05-08 10:51:23- [I] {"_id":"6634a7a97f06de21d70f3941","name":"LUISMI","email":"LUISMI@GMAIL.COM","online":true,"__v":0,"password":"1234"} 
2024-05-08 10:51:23- [I] El usuario LUISMI se ha desconectado. 
2024-05-08 10:52:44- [I] Entra 
2024-05-08 10:52:44- [I] [object Object] 
2024-05-08 10:52:44- [I] {"_id":"6639d12552b13678b74825f3","name":"ARANCHA","password":"1234","email":"ARANCHA@MAIL.COM","online":false,"__v":0} 
2024-05-08 10:52:44- [I] El usuario ARANCHA se ha conectado. 
2024-05-08 10:53:51- [I] Entra 
2024-05-08 10:53:51- [I] [object Object] 
2024-05-08 10:53:51- [I] {} 
2024-05-08 11:10:06- [I] usuario encontrado 
2024-05-08 11:10:06- [I] El id es 6639d12552b13678b74825f3 los datos son ARANCHA 
2024-05-08 11:10:06- [I] Definicion: ARANCHA 
2024-05-08 11:10:07- [I] {
  _id: new ObjectId('6639d12552b13678b74825f3'),
  name: 'ARANCHA',
  password: '1234',
  email: 'ARANCHA@MAIL.COM',
  online: true,
  __v: 0
} 
2024-05-08 11:10:07- [I] El usuario ARANCHA se ha desconectado 
2024-05-08 11:10:35- [I] usuario encontrado 
2024-05-08 11:10:35- [I] El id es 6639d12552b13678b74825f3 los datos son ARANCHA 
2024-05-08 11:10:35- [I] Definicion: ARANCHA 
2024-05-08 11:10:36- [I] {
  _id: new ObjectId('6639d12552b13678b74825f3'),
  name: 'ARANCHA',
  password: '1234',
  email: 'ARANCHA@MAIL.COM',
  online: false,
  __v: 0
} 
2024-05-08 11:10:36- [I] El usuario ARANCHA se ha conectado 
2024-05-08 11:31:06- [I] usuario encontrado 
2024-05-08 11:31:06- [I] El id es 6639d12552b13678b74825f3 los datos son ARANCHA 
2024-05-08 11:31:06- [I] Definicion: ARANCHA 
2024-05-08 11:31:06- [I] {
  _id: new ObjectId('6639d12552b13678b74825f3'),
  name: 'ARANCHA',
  password: '1234',
  email: 'ARANCHA@MAIL.COM',
  online: true,
  __v: 0
} 
2024-05-08 11:31:06- [I] El usuario ARANCHA se ha desconectado 
2024-05-08 11:32:05- [I] usuario encontrado 
2024-05-08 11:32:05- [I] El id es 6639d12552b13678b74825f3 los datos son ARANCHA 
2024-05-08 11:32:05- [I] Definicion: ARANCHA 
2024-05-08 11:32:06- [I] {
  _id: new ObjectId('6639d12552b13678b74825f3'),
  name: 'ARANCHA',
  password: '1234',
  email: 'ARANCHA@MAIL.COM',
  online: false,
  __v: 0
} 
2024-05-08 11:32:06- [I] El usuario ARANCHA se ha conectado 
2024-05-08 11:33:18- [I] usuario encontrado 
2024-05-08 11:33:18- [I] El id es 6639d12552b13678b74825f3 los datos son ARANCHA 
2024-05-08 11:33:18- [I] Definicion: ARANCHA 
2024-05-08 11:33:18- [I] {
  _id: new ObjectId('6639d12552b13678b74825f3'),
  name: 'ARANCHA',
  password: '1234',
  email: 'ARANCHA@MAIL.COM',
  online: true,
  __v: 0
} 
2024-05-08 11:33:18- [I] El usuario ARANCHA se ha desconectado 
2024-05-08 11:34:48- [I] usuario encontrado 
2024-05-08 11:34:48- [I] El id es 6639d12552b13678b74825f3 los datos son ARANCHA 
2024-05-08 11:34:48- [I] Definicion: ARANCHA 
2024-05-08 11:34:48- [I] {
  _id: new ObjectId('6639d12552b13678b74825f3'),
  name: 'ARANCHA',
  password: '1234',
  email: 'ARANCHA@MAIL.COM',
  online: false,
  __v: 0
} 
2024-05-08 11:34:48- [I] El usuario ARANCHA se ha conectado 
2024-05-08 11:35:16- [I] usuario encontrado 
2024-05-08 11:35:16- [I] El id es 6639d12552b13678b74825f3 los datos son ARANCHA 
2024-05-08 11:35:16- [I] Definicion: ARANCHA 
2024-05-08 11:35:16- [I] {
  _id: new ObjectId('6639d12552b13678b74825f3'),
  name: 'ARANCHA',
  password: '1234',
  email: 'ARANCHA@MAIL.COM',
  online: true,
  __v: 0
} 
2024-05-08 11:35:16- [I] El usuario ARANCHA se ha desconectado 
2024-05-08 11:35:37- [I] usuario encontrado 
2024-05-08 11:35:37- [I] El id es 6639d12552b13678b74825f3 los datos son ARANCHA 
2024-05-08 11:35:37- [I] Definicion: ARANCHA 
2024-05-08 11:35:37- [I] {
  _id: new ObjectId('6639d12552b13678b74825f3'),
  name: 'ARANCHA',
  password: '1234',
  email: 'ARANCHA@MAIL.COM',
  online: false,
  __v: 0
} 
2024-05-08 11:35:37- [I] El usuario ARANCHA se ha conectado 
2024-05-08 11:39:50- [I] usuario encontrado 
2024-05-08 11:39:50- [I] El id es 6639d12552b13678b74825f3 los datos son ARANCHA 
2024-05-08 11:39:50- [I] Definicion: ARANCHA 
2024-05-08 11:39:50- [I] {
  _id: new ObjectId('6639d12552b13678b74825f3'),
  name: 'ARANCHA',
  password: '1234',
  email: 'ARANCHA@MAIL.COM',
  online: true,
  __v: 0
} 
2024-05-08 11:39:50- [I] El usuario ARANCHA se ha desconectado 
2024-05-08 11:40:55- [I] usuario encontrado 
2024-05-08 11:40:55- [I] El id es 6639d12552b13678b74825f3 los datos son ARANCHA 
2024-05-08 11:40:55- [I] Definicion: ARANCHA 
2024-05-08 11:40:55- [I] {
  _id: new ObjectId('6639d12552b13678b74825f3'),
  name: 'ARANCHA',
  password: '1234',
  email: 'ARANCHA@MAIL.COM',
  online: false,
  __v: 0
} 
2024-05-08 11:40:55- [I] El usuario ARANCHA se ha conectado 
2024-05-08 11:41:49- [I] usuario encontrado 
2024-05-08 11:41:49- [I] El id es 6639d12552b13678b74825f3 los datos son ARANCHA 
2024-05-08 11:41:49- [I] Definicion: ARANCHA 
2024-05-08 11:41:49- [I] {
  _id: new ObjectId('6639d12552b13678b74825f3'),
  name: 'ARANCHA',
  password: '1234',
  email: 'ARANCHA@MAIL.COM',
  online: true,
  __v: 0
} 
2024-05-08 11:41:49- [I] El usuario ARANCHA se ha desconectado 
2024-05-08 11:41:54- [I] usuario encontrado 
2024-05-08 11:41:54- [I] El id es 6639d12552b13678b74825f3 los datos son ARANCHA 
2024-05-08 11:41:54- [I] Definicion: ARANCHA 
2024-05-08 11:41:54- [I] {
  _id: new ObjectId('6639d12552b13678b74825f3'),
  name: 'ARANCHA',
  password: '1234',
  email: 'ARANCHA@MAIL.COM',
  online: false,
  __v: 0
} 
2024-05-08 11:41:54- [I] El usuario ARANCHA se ha conectado 
2024-05-08 11:42:04- [I] usuario encontrado 
2024-05-08 11:42:04- [I] El id es 6639d12552b13678b74825f3 los datos son ARANCHA 
2024-05-08 11:42:04- [I] Definicion: ARANCHA 
2024-05-08 11:42:04- [I] {
  _id: new ObjectId('6639d12552b13678b74825f3'),
  name: 'ARANCHA',
  password: '1234',
  email: 'ARANCHA@MAIL.COM',
  online: true,
  __v: 0
} 
2024-05-08 11:42:04- [I] El usuario ARANCHA se ha desconectado 
2024-05-08 11:42:11- [I] usuario encontrado 
2024-05-08 11:42:11- [I] El id es 6639d12552b13678b74825f3 los datos son ARANCHA 
2024-05-08 11:42:11- [I] Definicion: ARANCHA 
2024-05-08 11:42:11- [I] {
  _id: new ObjectId('6639d12552b13678b74825f3'),
  name: 'ARANCHA',
  password: '1234',
  email: 'ARANCHA@MAIL.COM',
  online: false,
  __v: 0
} 
2024-05-08 11:42:11- [I] El usuario ARANCHA se ha conectado 
2024-05-08 11:42:15- [I] usuario encontrado 
2024-05-08 11:42:15- [I] El id es 6639d12552b13678b74825f3 los datos son ARANCHA 
2024-05-08 11:42:15- [I] Definicion: ARANCHA 
2024-05-08 11:42:15- [I] {
  _id: new ObjectId('6639d12552b13678b74825f3'),
  name: 'ARANCHA',
  password: '1234',
  email: 'ARANCHA@MAIL.COM',
  online: true,
  __v: 0
} 
2024-05-08 11:42:15- [I] El usuario ARANCHA se ha desconectado 
2024-05-08 11:43:37- [I] usuario encontrado 
2024-05-08 11:43:37- [I] El id es 6639d12552b13678b74825f3 los datos son ARANCHA 
2024-05-08 11:43:37- [I] Definicion: ARANCHA 
2024-05-08 11:43:37- [I] {
  _id: new ObjectId('6639d12552b13678b74825f3'),
  name: 'ARANCHA',
  password: '1234',
  email: 'ARANCHA@MAIL.COM',
  online: false,
  __v: 0
} 
2024-05-08 11:43:37- [I] El usuario ARANCHA se ha conectado 
2024-05-08 11:45:04- [I] usuario encontrado 
2024-05-08 11:45:04- [I] El id es 6639d12552b13678b74825f3 los datos son ARANCHA 
2024-05-08 11:45:04- [I] Definicion: ARANCHA 
2024-05-08 11:45:04- [I] {
  _id: new ObjectId('6639d12552b13678b74825f3'),
  name: 'ARANCHA',
  password: '1234',
  email: 'ARANCHA@MAIL.COM',
  online: true,
  __v: 0
} 
2024-05-08 11:45:04- [I] El usuario ARANCHA se ha desconectado 
2024-05-08 11:45:12- [I] usuario encontrado 
2024-05-08 11:45:12- [I] El id es 6639d12552b13678b74825f3 los datos son ARANCHA 
2024-05-08 11:45:12- [I] Definicion: ARANCHA 
2024-05-08 11:45:12- [I] {
  _id: new ObjectId('6639d12552b13678b74825f3'),
  name: 'ARANCHA',
  password: '1234',
  email: 'ARANCHA@MAIL.COM',
  online: false,
  __v: 0
} 
2024-05-08 11:45:12- [I] El usuario ARANCHA se ha conectado 
2024-05-08 11:45:35- [I] usuario encontrado 
2024-05-08 11:45:35- [I] El id es 6634a7a97f06de21d70f3941 los datos son LUISMI 
2024-05-08 11:45:35- [I] Definicion: LUISMI 
2024-05-08 11:45:35- [I] {
  _id: new ObjectId('6634a7a97f06de21d70f3941'),
  name: 'LUISMI',
  email: 'LUISMI@GMAIL.COM',
  online: false,
  __v: 0,
  password: '1234'
} 
2024-05-08 11:45:35- [I] El usuario LUISMI se ha conectado 
2024-05-08 11:52:34- [I] usuario encontrado 
2024-05-08 11:52:34- [I] El id es 6634a7a97f06de21d70f3941 los datos son LUISMI 
2024-05-08 11:52:34- [I] Definicion: LUISMI 
2024-05-08 11:52:34- [I] {
  _id: new ObjectId('6634a7a97f06de21d70f3941'),
  name: 'LUISMI',
  email: 'LUISMI@GMAIL.COM',
  online: false,
  __v: 0,
  password: '1234'
} 
2024-05-08 11:52:34- [I] El usuario LUISMI se ha conectado 
2024-05-08 11:52:37- [I] usuario encontrado 
2024-05-08 11:52:37- [I] El id es 6634a7a97f06de21d70f3941 los datos son LUISMI 
2024-05-08 11:52:37- [I] Definicion: LUISMI 
2024-05-08 11:52:37- [I] {
  _id: new ObjectId('6634a7a97f06de21d70f3941'),
  name: 'LUISMI',
  email: 'LUISMI@GMAIL.COM',
  online: true,
  __v: 0,
  password: '1234'
} 
2024-05-08 11:52:37- [I] El usuario LUISMI se ha desconectado 
2024-05-08 11:52:40- [I] usuario encontrado 
2024-05-08 11:52:40- [I] El id es 6639d12552b13678b74825f3 los datos son ARANCHA 
2024-05-08 11:52:40- [I] Definicion: ARANCHA 
2024-05-08 11:52:40- [I] {
  _id: new ObjectId('6639d12552b13678b74825f3'),
  name: 'ARANCHA',
  password: '1234',
  email: 'ARANCHA@MAIL.COM',
  online: true,
  __v: 0
} 
2024-05-08 11:52:40- [I] El usuario ARANCHA se ha desconectado 
2024-05-08 12:05:09- [I] usuario encontrado 
2024-05-08 12:05:09- [I] El id es 6639d12552b13678b74825f3 los datos son ARANCHA 
2024-05-08 12:05:09- [I] Definicion: ARANCHA 
2024-05-08 12:05:10- [I] {
  _id: new ObjectId('6639d12552b13678b74825f3'),
  name: 'ARANCHA',
  password: '1234',
  email: 'ARANCHA@MAIL.COM',
  online: false,
  __v: 0
} 
2024-05-08 12:05:10- [I] El usuario ARANCHA se ha conectado 
